2012-04-23 12:13:26 Notice: Notice (8): Undefined index: LoginSession in [APP/app_controller.php, line 62]
2012-04-23 12:13:26 Notice: Notice (8): Undefined index: LoginSession in [APP/app_controller.php, line 62]
2012-04-23 12:13:30 Notice: Notice (8): Undefined index: LoginSession in [APP/app_controller.php, line 62]
2012-04-23 12:13:30 Notice: Notice (8): Undefined variable: newsItem in [APP/controllers/order_controller.php, line 26]
2012-04-23 12:13:30 Notice: Notice (8): Undefined index: homepage_image1_title in [APP/views/order/home.ctp, line 6]
2012-04-23 12:13:30 Notice: Notice (8): Undefined index: homepage_image2_title in [APP/views/order/home.ctp, line 13]
2012-04-23 12:13:30 Notice: Notice (8): Undefined index: homepage_image3_title in [APP/views/order/home.ctp, line 19]
2012-04-23 12:13:30 Notice: Notice (8): Undefined index: homepage_image4_title in [APP/views/order/home.ctp, line 26]
2012-04-23 12:13:30 Notice: Notice (8): Undefined index: homepage_image5_title in [APP/views/order/home.ctp, line 31]
2012-04-23 12:13:30 Notice: Notice (8): Undefined variable: landingItem in [APP/views/layouts/default.ctp, line 35]
2012-04-23 12:13:31 Notice: Notice (8): Undefined variable: class in [APP/views/layouts/default.ctp, line 77]
2012-04-23 12:13:31 Notice: Notice (8): Undefined variable: class in [APP/views/layouts/default.ctp, line 75]
2012-04-23 12:13:31 Notice: Notice (8): Undefined variable: class in [APP/views/layouts/default.ctp, line 86]
2012-04-23 12:13:31 Notice: Notice (8): Use of undefined constant   - assumed ' ' in [APP/views/layouts/default.ctp, line 94]
2012-04-23 12:13:31 Notice: Notice (8): Undefined variable: noTitle in [APP/views/layouts/default.ctp, line 103]
2012-04-23 12:13:31 Notice: Notice (8): Use of undefined constant   - assumed ' ' in [APP/views/layouts/default.ctp, line 110]
2012-04-23 12:13:31 Notice: Notice (8): Undefined variable: noService in [APP/views/layouts/default.ctp, line 111]
2012-04-23 12:13:31 Notice: Notice (8): Undefined variable: shopSidebar in [APP/views/elements/front/sidebar.ctp, line 46]
2012-04-23 12:13:31 Notice: Notice (8): Undefined variable: shopSidebar in [APP/views/elements/front/sidebar.ctp, line 58]
2012-04-23 12:13:31 Notice: Notice (8): Undefined variable: shopSidebar in [APP/views/elements/front/sidebar.ctp, line 68]
2012-04-23 12:13:31 Notice: Notice (8): Undefined variable: shopSidebar in [APP/views/elements/front/sidebar.ctp, line 80]
2012-04-23 12:13:31 Notice: Notice (8): Undefined variable: shopSidebar in [APP/views/elements/front/sidebar.ctp, line 89]
2012-04-23 12:13:31 Notice: Notice (8): Undefined variable: shopSidebar in [APP/views/elements/front/sidebar.ctp, line 119]
2012-04-23 12:13:31 Notice: Notice (8): Undefined variable: shopSidebar in [APP/views/elements/front/sidebar.ctp, line 141]
2012-04-23 12:13:31 Notice: Notice (8): Undefined variable: shopSidebar in [APP/views/elements/front/sidebar.ctp, line 162]
2012-04-23 12:13:31 Notice: Notice (8): Undefined variable: shopSidebar in [APP/views/elements/front/sidebar.ctp, line 171]
2012-04-23 12:13:31 Notice: Notice (8): Undefined variable: shopSidebar in [APP/views/elements/front/sidebar.ctp, line 219]
2012-04-23 12:13:31 Notice: Notice (8): Undefined variable: shopSidebar in [APP/views/elements/front/sidebar.ctp, line 258]
2012-04-23 12:13:34 Notice: Notice (8): Undefined index: LoginSession in [APP/app_controller.php, line 62]
2012-04-23 12:13:34 Notice: Notice (8): Undefined index: LoginSession in [APP/app_controller.php, line 62]
2012-04-23 12:13:34 Notice: Notice (8): Undefined index: LoginSession in [APP/app_controller.php, line 62]
2012-04-23 12:13:34 Notice: Notice (8): Undefined index: LoginSession in [APP/app_controller.php, line 62]
2012-04-23 12:13:34 Notice: Notice (8): Undefined index: LoginSession in [APP/app_controller.php, line 62]
2012-04-23 12:13:35 Notice: Notice (8): Undefined variable: landingItem in [APP/views/layouts/default.ctp, line 35]
2012-04-23 12:13:35 Notice: Notice (8): Undefined index: LoginSession in [APP/app_controller.php, line 62]
2012-04-23 12:13:35 Notice: Notice (8): Use of undefined constant   - assumed ' ' in [APP/views/layouts/default.ctp, line 86]
2012-04-23 12:13:35 Notice: Notice (8): Use of undefined constant   - assumed ' ' in [APP/views/layouts/default.ctp, line 110]
2012-04-23 12:13:35 Notice: Notice (8): Undefined variable: advantages in [APP/views/elements/front/sidebar.ctp, line 106]
2012-04-23 12:16:15 Notice: Notice (8): Undefined index: LoginSession in [APP/app_controller.php, line 62]
2012-04-23 12:16:56 Notice: Notice (8): Undefined index: LoginSession in [APP/app_controller.php, line 62]
2012-04-23 12:16:56 Notice: Notice (8): Undefined variable: landingItem in [APP/views/layouts/default.ctp, line 35]
2012-04-23 12:16:56 Notice: Notice (8): Use of undefined constant   - assumed ' ' in [APP/views/layouts/default.ctp, line 86]
2012-04-23 12:16:56 Notice: Notice (8): Use of undefined constant   - assumed ' ' in [APP/views/layouts/default.ctp, line 110]
2012-04-23 12:16:56 Notice: Notice (8): Undefined index: LoginSession in [APP/app_controller.php, line 62]
2012-04-23 12:16:56 Notice: Notice (8): Undefined variable: advantages in [APP/views/elements/front/sidebar.ctp, line 106]
2012-04-23 12:17:06 Notice: Notice (8): Undefined index: LoginSession in [APP/app_controller.php, line 62]
2012-04-23 12:17:06 Notice: Notice (8): Undefined variable: newsItem in [APP/controllers/order_controller.php, line 26]
2012-04-23 12:17:06 Notice: Notice (8): Undefined index: homepage_image1_title in [APP/views/order/home.ctp, line 6]
2012-04-23 12:17:06 Notice: Notice (8): Undefined index: homepage_image2_title in [APP/views/order/home.ctp, line 13]
2012-04-23 12:17:06 Notice: Notice (8): Undefined index: homepage_image3_title in [APP/views/order/home.ctp, line 19]
2012-04-23 12:17:06 Notice: Notice (8): Undefined index: homepage_image4_title in [APP/views/order/home.ctp, line 26]
2012-04-23 12:17:06 Notice: Notice (8): Undefined index: homepage_image5_title in [APP/views/order/home.ctp, line 31]
2012-04-23 12:17:06 Notice: Notice (8): Undefined variable: landingItem in [APP/views/layouts/default.ctp, line 35]
2012-04-23 12:17:06 Notice: Notice (8): Undefined variable: class in [APP/views/layouts/default.ctp, line 77]
2012-04-23 12:17:06 Notice: Notice (8): Undefined variable: class in [APP/views/layouts/default.ctp, line 75]
2012-04-23 12:17:06 Notice: Notice (8): Undefined variable: class in [APP/views/layouts/default.ctp, line 86]
2012-04-23 12:17:06 Notice: Notice (8): Use of undefined constant   - assumed ' ' in [APP/views/layouts/default.ctp, line 94]
2012-04-23 12:17:06 Notice: Notice (8): Undefined variable: noTitle in [APP/views/layouts/default.ctp, line 103]
2012-04-23 12:17:06 Notice: Notice (8): Use of undefined constant   - assumed ' ' in [APP/views/layouts/default.ctp, line 110]
2012-04-23 12:17:06 Notice: Notice (8): Undefined variable: noService in [APP/views/layouts/default.ctp, line 111]
2012-04-23 12:17:07 Notice: Notice (8): Undefined variable: shopSidebar in [APP/views/elements/front/sidebar.ctp, line 46]
2012-04-23 12:17:07 Notice: Notice (8): Undefined variable: shopSidebar in [APP/views/elements/front/sidebar.ctp, line 58]
2012-04-23 12:17:07 Notice: Notice (8): Undefined variable: shopSidebar in [APP/views/elements/front/sidebar.ctp, line 68]
2012-04-23 12:17:07 Notice: Notice (8): Undefined variable: shopSidebar in [APP/views/elements/front/sidebar.ctp, line 80]
2012-04-23 12:17:07 Notice: Notice (8): Undefined variable: shopSidebar in [APP/views/elements/front/sidebar.ctp, line 89]
2012-04-23 12:17:07 Notice: Notice (8): Undefined variable: shopSidebar in [APP/views/elements/front/sidebar.ctp, line 119]
2012-04-23 12:17:07 Notice: Notice (8): Undefined variable: shopSidebar in [APP/views/elements/front/sidebar.ctp, line 141]
2012-04-23 12:17:07 Notice: Notice (8): Undefined variable: shopSidebar in [APP/views/elements/front/sidebar.ctp, line 162]
2012-04-23 12:17:07 Notice: Notice (8): Undefined variable: shopSidebar in [APP/views/elements/front/sidebar.ctp, line 171]
2012-04-23 12:17:07 Notice: Notice (8): Undefined variable: shopSidebar in [APP/views/elements/front/sidebar.ctp, line 219]
2012-04-23 12:17:07 Notice: Notice (8): Undefined variable: shopSidebar in [APP/views/elements/front/sidebar.ctp, line 258]
2012-04-23 12:17:09 Notice: Notice (8): Undefined index: LoginSession in [APP/app_controller.php, line 62]
2012-04-23 12:17:10 Notice: Notice (8): Undefined index: LoginSession in [APP/app_controller.php, line 62]
2012-04-23 12:17:10 Notice: Notice (8): Undefined index: LoginSession in [APP/app_controller.php, line 62]
2012-04-23 12:17:10 Notice: Notice (8): Undefined index: LoginSession in [APP/app_controller.php, line 62]
2012-04-23 12:17:10 Notice: Notice (8): Undefined index: LoginSession in [APP/app_controller.php, line 62]
2012-04-23 12:17:10 Notice: Notice (8): Undefined index: LoginSession in [APP/app_controller.php, line 62]
2012-04-23 12:17:11 Notice: Notice (8): Undefined index: LoginSession in [APP/app_controller.php, line 62]
2012-04-23 12:17:12 Notice: Notice (8): Undefined index: LoginSession in [APP/app_controller.php, line 62]
2012-04-23 12:17:13 Notice: Notice (8): Undefined variable: newsItem in [APP/controllers/order_controller.php, line 26]
2012-04-23 12:17:13 Notice: Notice (8): Undefined index: homepage_image1_title in [APP/views/order/home.ctp, line 6]
2012-04-23 12:17:13 Notice: Notice (8): Undefined index: homepage_image2_title in [APP/views/order/home.ctp, line 13]
2012-04-23 12:17:13 Notice: Notice (8): Undefined index: homepage_image3_title in [APP/views/order/home.ctp, line 19]
2012-04-23 12:17:13 Notice: Notice (8): Undefined index: homepage_image4_title in [APP/views/order/home.ctp, line 26]
2012-04-23 12:17:13 Notice: Notice (8): Undefined index: homepage_image5_title in [APP/views/order/home.ctp, line 31]
2012-04-23 12:17:13 Notice: Notice (8): Undefined variable: landingItem in [APP/views/layouts/default.ctp, line 35]
2012-04-23 12:17:13 Notice: Notice (8): Undefined variable: class in [APP/views/layouts/default.ctp, line 77]
2012-04-23 12:17:13 Notice: Notice (8): Undefined variable: class in [APP/views/layouts/default.ctp, line 75]
2012-04-23 12:17:13 Notice: Notice (8): Undefined variable: class in [APP/views/layouts/default.ctp, line 86]
2012-04-23 12:17:13 Notice: Notice (8): Use of undefined constant   - assumed ' ' in [APP/views/layouts/default.ctp, line 94]
2012-04-23 12:17:13 Notice: Notice (8): Undefined variable: noTitle in [APP/views/layouts/default.ctp, line 103]
2012-04-23 12:17:13 Notice: Notice (8): Use of undefined constant   - assumed ' ' in [APP/views/layouts/default.ctp, line 110]
2012-04-23 12:17:13 Notice: Notice (8): Undefined variable: noService in [APP/views/layouts/default.ctp, line 111]
2012-04-23 12:17:13 Notice: Notice (8): Undefined variable: shopSidebar in [APP/views/elements/front/sidebar.ctp, line 46]
2012-04-23 12:17:13 Notice: Notice (8): Undefined variable: shopSidebar in [APP/views/elements/front/sidebar.ctp, line 58]
2012-04-23 12:17:13 Notice: Notice (8): Undefined variable: shopSidebar in [APP/views/elements/front/sidebar.ctp, line 68]
2012-04-23 12:17:13 Notice: Notice (8): Undefined variable: shopSidebar in [APP/views/elements/front/sidebar.ctp, line 80]
2012-04-23 12:17:13 Notice: Notice (8): Undefined variable: shopSidebar in [APP/views/elements/front/sidebar.ctp, line 89]
2012-04-23 12:17:13 Notice: Notice (8): Undefined variable: shopSidebar in [APP/views/elements/front/sidebar.ctp, line 119]
2012-04-23 12:17:13 Notice: Notice (8): Undefined variable: shopSidebar in [APP/views/elements/front/sidebar.ctp, line 141]
2012-04-23 12:17:13 Notice: Notice (8): Undefined variable: shopSidebar in [APP/views/elements/front/sidebar.ctp, line 162]
2012-04-23 12:17:13 Notice: Notice (8): Undefined variable: shopSidebar in [APP/views/elements/front/sidebar.ctp, line 171]
2012-04-23 12:17:13 Notice: Notice (8): Undefined variable: shopSidebar in [APP/views/elements/front/sidebar.ctp, line 219]
2012-04-23 12:17:13 Notice: Notice (8): Undefined variable: shopSidebar in [APP/views/elements/front/sidebar.ctp, line 258]
2012-04-23 12:17:15 Notice: Notice (8): Undefined index: LoginSession in [APP/app_controller.php, line 62]
2012-04-23 12:17:16 Notice: Notice (8): Undefined index: LoginSession in [APP/app_controller.php, line 62]
2012-04-23 12:17:17 Notice: Notice (8): Undefined index: LoginSession in [APP/app_controller.php, line 62]
2012-04-23 12:17:17 Notice: Notice (8): Undefined index: LoginSession in [APP/app_controller.php, line 62]
2012-04-23 12:17:17 Notice: Notice (8): Undefined index: LoginSession in [APP/app_controller.php, line 62]
2012-04-23 12:17:17 Notice: Notice (8): Undefined index: LoginSession in [APP/app_controller.php, line 62]
2012-04-23 12:17:18 Notice: Notice (8): Undefined index: LoginSession in [APP/app_controller.php, line 62]
2012-04-23 12:17:18 Notice: Notice (8): Use of undefined constant php - assumed 'php' in [APP/views/pages/display.ctp, line 7]
2012-04-23 12:17:18 Notice: Notice (8): Undefined index: LoginSession in [APP/app_controller.php, line 62]
2012-04-23 12:17:18 Notice: Notice (8): Undefined variable: landingItem in [APP/views/layouts/default.ctp, line 35]
2012-04-23 12:17:18 Notice: Notice (8): Undefined variable: class in [APP/views/layouts/default.ctp, line 77]
2012-04-23 12:17:18 Notice: Notice (8): Undefined variable: class in [APP/views/layouts/default.ctp, line 75]
2012-04-23 12:17:18 Notice: Notice (8): Undefined variable: class in [APP/views/layouts/default.ctp, line 86]
2012-04-23 12:17:18 Notice: Notice (8): Undefined variable: page in [APP/views/layouts/default.ctp, line 94]
2012-04-23 12:17:18 Notice: Notice (8): Undefined variable: noTitle in [APP/views/layouts/default.ctp, line 103]
2012-04-23 12:17:18 Notice: Notice (8): Undefined variable: page in [APP/views/layouts/default.ctp, line 103]
2012-04-23 12:17:18 Notice: Notice (8): Undefined variable: page in [APP/views/layouts/default.ctp, line 106]
2012-04-23 12:17:18 Notice: Notice (8): Undefined variable: page in [APP/views/layouts/default.ctp, line 110]
2012-04-23 12:17:18 Notice: Notice (8): Undefined variable: noTitle in [APP/views/layouts/default.ctp, line 110]
2012-04-23 12:17:18 Notice: Notice (8): Undefined variable: shopSidebar in [APP/views/elements/front/sidebar.ctp, line 46]
2012-04-23 12:17:18 Notice: Notice (8): Undefined variable: shopSidebar in [APP/views/elements/front/sidebar.ctp, line 58]
2012-04-23 12:17:18 Notice: Notice (8): Undefined variable: shopSidebar in [APP/views/elements/front/sidebar.ctp, line 68]
2012-04-23 12:17:18 Notice: Notice (8): Undefined variable: shopSidebar in [APP/views/elements/front/sidebar.ctp, line 80]
2012-04-23 12:17:18 Notice: Notice (8): Undefined variable: shopSidebar in [APP/views/elements/front/sidebar.ctp, line 89]
2012-04-23 12:17:18 Notice: Notice (8): Undefined variable: advantages in [APP/views/elements/front/sidebar.ctp, line 106]
2012-04-23 12:17:18 Notice: Notice (8): Undefined variable: shopSidebar in [APP/views/elements/front/sidebar.ctp, line 119]
2012-04-23 12:17:18 Notice: Notice (8): Undefined variable: shopSidebar in [APP/views/elements/front/sidebar.ctp, line 141]
2012-04-23 12:17:18 Notice: Notice (8): Undefined variable: shopSidebar in [APP/views/elements/front/sidebar.ctp, line 162]
2012-04-23 12:17:18 Notice: Notice (8): Undefined variable: shopSidebar in [APP/views/elements/front/sidebar.ctp, line 171]
2012-04-23 12:17:18 Notice: Notice (8): Undefined variable: shopSidebar in [APP/views/elements/front/sidebar.ctp, line 219]
2012-04-23 12:17:18 Notice: Notice (8): Undefined variable: shopSidebar in [APP/views/elements/front/sidebar.ctp, line 258]
2012-04-23 12:17:19 Notice: Notice (8): Undefined index: LoginSession in [APP/app_controller.php, line 62]
2012-04-23 12:17:20 Notice: Notice (8): Undefined index: LoginSession in [APP/app_controller.php, line 62]
2012-04-23 12:17:20 Notice: Notice (8): Undefined variable: landingItem in [APP/views/layouts/default.ctp, line 35]
2012-04-23 12:17:20 Notice: Notice (8): Use of undefined constant   - assumed ' ' in [APP/views/layouts/default.ctp, line 86]
2012-04-23 12:17:20 Notice: Notice (8): Use of undefined constant   - assumed ' ' in [APP/views/layouts/default.ctp, line 110]
2012-04-23 12:17:20 Notice: Notice (8): Undefined variable: advantages in [APP/views/elements/front/sidebar.ctp, line 106]
2012-04-23 12:17:22 Notice: Notice (8): Undefined index: LoginSession in [APP/app_controller.php, line 62]
2012-04-23 12:17:22 Notice: Notice (8): Undefined variable: newsItem in [APP/controllers/order_controller.php, line 26]
2012-04-23 12:17:22 Notice: Notice (8): Undefined index: LoginSession in [APP/app_controller.php, line 62]
2012-04-23 12:17:22 Notice: Notice (8): Undefined index: homepage_image1_title in [APP/views/order/home.ctp, line 6]
2012-04-23 12:17:22 Notice: Notice (8): Undefined index: homepage_image2_title in [APP/views/order/home.ctp, line 13]
2012-04-23 12:17:22 Notice: Notice (8): Undefined index: homepage_image3_title in [APP/views/order/home.ctp, line 19]
2012-04-23 12:17:22 Notice: Notice (8): Undefined index: homepage_image4_title in [APP/views/order/home.ctp, line 26]
2012-04-23 12:17:22 Notice: Notice (8): Undefined index: homepage_image5_title in [APP/views/order/home.ctp, line 31]
2012-04-23 12:17:22 Notice: Notice (8): Undefined variable: landingItem in [APP/views/layouts/default.ctp, line 35]
2012-04-23 12:17:22 Notice: Notice (8): Undefined variable: class in [APP/views/layouts/default.ctp, line 77]
2012-04-23 12:17:22 Notice: Notice (8): Use of undefined constant php - assumed 'php' in [APP/views/news/home.ctp, line 13]
2012-04-23 12:17:22 Notice: Notice (8): Use of undefined constant php - assumed 'php' in [APP/views/news/home.ctp, line 16]
2012-04-23 12:17:22 Notice: Notice (8): Undefined variable: class in [APP/views/layouts/default.ctp, line 75]
2012-04-23 12:17:22 Notice: Notice (8): Undefined variable: landingItem in [APP/views/layouts/default.ctp, line 35]
2012-04-23 12:17:22 Notice: Notice (8): Undefined variable: class in [APP/views/layouts/default.ctp, line 86]
2012-04-23 12:17:22 Notice: Notice (8): Undefined variable: class in [APP/views/layouts/default.ctp, line 77]
2012-04-23 12:17:22 Notice: Notice (8): Use of undefined constant   - assumed ' ' in [APP/views/layouts/default.ctp, line 94]
2012-04-23 12:17:22 Notice: Notice (8): Undefined variable: class in [APP/views/layouts/default.ctp, line 75]
2012-04-23 12:17:22 Notice: Notice (8): Undefined variable: noTitle in [APP/views/layouts/default.ctp, line 103]
2012-04-23 12:17:22 Notice: Notice (8): Undefined variable: class in [APP/views/layouts/default.ctp, line 86]
2012-04-23 12:17:22 Notice: Notice (8): Undefined variable: noTitle in [APP/views/layouts/default.ctp, line 103]
2012-04-23 12:17:22 Notice: Notice (8): Use of undefined constant   - assumed ' ' in [APP/views/layouts/default.ctp, line 110]
2012-04-23 12:17:22 Notice: Notice (8): Undefined variable: noTitle in [APP/views/layouts/default.ctp, line 110]
2012-04-23 12:17:22 Notice: Notice (8): Undefined variable: noService in [APP/views/layouts/default.ctp, line 111]
2012-04-23 12:17:22 Notice: Notice (8): Undefined variable: shopSidebar in [APP/views/elements/front/sidebar.ctp, line 46]
2012-04-23 12:17:22 Notice: Notice (8): Undefined variable: shopSidebar in [APP/views/elements/front/sidebar.ctp, line 46]
2012-04-23 12:17:22 Notice: Notice (8): Undefined variable: shopSidebar in [APP/views/elements/front/sidebar.ctp, line 58]
2012-04-23 12:17:22 Notice: Notice (8): Undefined variable: shopSidebar in [APP/views/elements/front/sidebar.ctp, line 68]
2012-04-23 12:17:22 Notice: Notice (8): Undefined variable: shopSidebar in [APP/views/elements/front/sidebar.ctp, line 58]
2012-04-23 12:17:22 Notice: Notice (8): Undefined variable: shopSidebar in [APP/views/elements/front/sidebar.ctp, line 80]
2012-04-23 12:17:22 Notice: Notice (8): Undefined variable: shopSidebar in [APP/views/elements/front/sidebar.ctp, line 68]
2012-04-23 12:17:22 Notice: Notice (8): Undefined variable: shopSidebar in [APP/views/elements/front/sidebar.ctp, line 89]
2012-04-23 12:17:22 Notice: Notice (8): Undefined variable: shopSidebar in [APP/views/elements/front/sidebar.ctp, line 80]
2012-04-23 12:17:22 Notice: Notice (8): Undefined variable: advantages in [APP/views/elements/front/sidebar.ctp, line 106]
2012-04-23 12:17:22 Notice: Notice (8): Undefined variable: shopSidebar in [APP/views/elements/front/sidebar.ctp, line 89]
2012-04-23 12:17:22 Notice: Notice (8): Undefined variable: shopSidebar in [APP/views/elements/front/sidebar.ctp, line 119]
2012-04-23 12:17:22 Notice: Notice (8): Undefined variable: shopSidebar in [APP/views/elements/front/sidebar.ctp, line 119]
2012-04-23 12:17:22 Notice: Notice (8): Undefined variable: shopSidebar in [APP/views/elements/front/sidebar.ctp, line 141]
2012-04-23 12:17:22 Notice: Notice (8): Undefined variable: shopSidebar in [APP/views/elements/front/sidebar.ctp, line 141]
2012-04-23 12:17:22 Notice: Notice (8): Undefined variable: shopSidebar in [APP/views/elements/front/sidebar.ctp, line 162]
2012-04-23 12:17:22 Notice: Notice (8): Undefined variable: shopSidebar in [APP/views/elements/front/sidebar.ctp, line 162]
2012-04-23 12:17:22 Notice: Notice (8): Undefined variable: shopSidebar in [APP/views/elements/front/sidebar.ctp, line 171]
2012-04-23 12:17:22 Notice: Notice (8): Undefined variable: shopSidebar in [APP/views/elements/front/sidebar.ctp, line 171]
2012-04-23 12:17:22 Notice: Notice (8): Undefined variable: shopSidebar in [APP/views/elements/front/sidebar.ctp, line 219]
2012-04-23 12:17:22 Notice: Notice (8): Undefined variable: shopSidebar in [APP/views/elements/front/sidebar.ctp, line 219]
2012-04-23 12:17:22 Notice: Notice (8): Undefined variable: shopSidebar in [APP/views/elements/front/sidebar.ctp, line 258]
2012-04-23 12:17:22 Notice: Notice (8): Undefined variable: shopSidebar in [APP/views/elements/front/sidebar.ctp, line 258]
2012-04-23 12:17:25 Notice: Notice (8): Undefined index: LoginSession in [APP/app_controller.php, line 62]
2012-04-23 12:17:25 Notice: Notice (8): Undefined variable: newsItem in [APP/controllers/order_controller.php, line 26]
2012-04-23 12:17:25 Notice: Notice (8): Undefined index: homepage_image1_title in [APP/views/order/home.ctp, line 6]
2012-04-23 12:17:25 Notice: Notice (8): Undefined index: homepage_image2_title in [APP/views/order/home.ctp, line 13]
2012-04-23 12:17:25 Notice: Notice (8): Undefined index: homepage_image3_title in [APP/views/order/home.ctp, line 19]
2012-04-23 12:17:25 Notice: Notice (8): Undefined index: homepage_image4_title in [APP/views/order/home.ctp, line 26]
2012-04-23 12:17:25 Notice: Notice (8): Undefined index: homepage_image5_title in [APP/views/order/home.ctp, line 31]
2012-04-23 12:17:25 Notice: Notice (8): Undefined variable: landingItem in [APP/views/layouts/default.ctp, line 35]
2012-04-23 12:17:25 Notice: Notice (8): Undefined variable: class in [APP/views/layouts/default.ctp, line 77]
2012-04-23 12:17:25 Notice: Notice (8): Undefined variable: class in [APP/views/layouts/default.ctp, line 75]
2012-04-23 12:17:25 Notice: Notice (8): Undefined variable: class in [APP/views/layouts/default.ctp, line 86]
2012-04-23 12:17:25 Notice: Notice (8): Use of undefined constant   - assumed ' ' in [APP/views/layouts/default.ctp, line 94]
2012-04-23 12:17:25 Notice: Notice (8): Undefined variable: noTitle in [APP/views/layouts/default.ctp, line 103]
2012-04-23 12:17:25 Notice: Notice (8): Use of undefined constant   - assumed ' ' in [APP/views/layouts/default.ctp, line 110]
2012-04-23 12:17:25 Notice: Notice (8): Undefined variable: noService in [APP/views/layouts/default.ctp, line 111]
2012-04-23 12:17:25 Notice: Notice (8): Undefined variable: shopSidebar in [APP/views/elements/front/sidebar.ctp, line 46]
2012-04-23 12:17:25 Notice: Notice (8): Undefined variable: shopSidebar in [APP/views/elements/front/sidebar.ctp, line 58]
2012-04-23 12:17:25 Notice: Notice (8): Undefined variable: shopSidebar in [APP/views/elements/front/sidebar.ctp, line 68]
2012-04-23 12:17:26 Notice: Notice (8): Undefined variable: shopSidebar in [APP/views/elements/front/sidebar.ctp, line 80]
2012-04-23 12:17:26 Notice: Notice (8): Undefined variable: shopSidebar in [APP/views/elements/front/sidebar.ctp, line 89]
2012-04-23 12:17:26 Notice: Notice (8): Undefined variable: shopSidebar in [APP/views/elements/front/sidebar.ctp, line 119]
2012-04-23 12:17:26 Notice: Notice (8): Undefined variable: shopSidebar in [APP/views/elements/front/sidebar.ctp, line 141]
2012-04-23 12:17:26 Notice: Notice (8): Undefined variable: shopSidebar in [APP/views/elements/front/sidebar.ctp, line 162]
2012-04-23 12:17:26 Notice: Notice (8): Undefined variable: shopSidebar in [APP/views/elements/front/sidebar.ctp, line 171]
2012-04-23 12:17:26 Notice: Notice (8): Undefined variable: shopSidebar in [APP/views/elements/front/sidebar.ctp, line 219]
2012-04-23 12:17:26 Notice: Notice (8): Undefined variable: shopSidebar in [APP/views/elements/front/sidebar.ctp, line 258]
2012-04-23 12:17:28 Notice: Notice (8): Undefined index: LoginSession in [APP/app_controller.php, line 62]
2012-04-23 12:17:29 Notice: Notice (8): Undefined index: LoginSession in [APP/app_controller.php, line 62]
2012-04-23 12:17:30 Notice: Notice (8): Undefined index: LoginSession in [APP/app_controller.php, line 62]
2012-04-23 12:17:30 Notice: Notice (8): Undefined index: LoginSession in [APP/app_controller.php, line 62]
2012-04-23 12:17:30 Notice: Notice (8): Undefined index: LoginSession in [APP/app_controller.php, line 62]
2012-04-23 12:17:30 Notice: Notice (8): Undefined index: LoginSession in [APP/app_controller.php, line 62]
2012-04-23 12:17:30 Notice: Notice (8): Undefined index: LoginSession in [APP/app_controller.php, line 62]
2012-04-23 12:17:31 Notice: Notice (8): Undefined index: LoginSession in [APP/app_controller.php, line 62]
2012-04-23 12:17:31 Notice: Notice (8): Use of undefined constant php - assumed 'php' in [APP/views/pages/display.ctp, line 7]
2012-04-23 12:17:31 Notice: Notice (8): Undefined variable: landingItem in [APP/views/layouts/default.ctp, line 35]
2012-04-23 12:17:31 Notice: Notice (8): Undefined variable: class in [APP/views/layouts/default.ctp, line 77]
2012-04-23 12:17:31 Notice: Notice (8): Undefined variable: class in [APP/views/layouts/default.ctp, line 75]
2012-04-23 12:17:31 Notice: Notice (8): Undefined variable: class in [APP/views/layouts/default.ctp, line 86]
2012-04-23 12:17:31 Notice: Notice (8): Undefined variable: page in [APP/views/layouts/default.ctp, line 94]
2012-04-23 12:17:31 Notice: Notice (8): Undefined variable: noTitle in [APP/views/layouts/default.ctp, line 103]
2012-04-23 12:17:31 Notice: Notice (8): Undefined variable: page in [APP/views/layouts/default.ctp, line 103]
2012-04-23 12:17:31 Notice: Notice (8): Undefined variable: page in [APP/views/layouts/default.ctp, line 106]
2012-04-23 12:17:31 Notice: Notice (8): Undefined variable: page in [APP/views/layouts/default.ctp, line 110]
2012-04-23 12:17:31 Notice: Notice (8): Undefined variable: noTitle in [APP/views/layouts/default.ctp, line 110]
2012-04-23 12:17:31 Notice: Notice (8): Undefined variable: shopSidebar in [APP/views/elements/front/sidebar.ctp, line 46]
2012-04-23 12:17:31 Notice: Notice (8): Undefined index: LoginSession in [APP/app_controller.php, line 62]
2012-04-23 12:17:31 Notice: Notice (8): Undefined variable: shopSidebar in [APP/views/elements/front/sidebar.ctp, line 58]
2012-04-23 12:17:31 Notice: Notice (8): Undefined variable: shopSidebar in [APP/views/elements/front/sidebar.ctp, line 68]
2012-04-23 12:17:31 Notice: Notice (8): Undefined variable: shopSidebar in [APP/views/elements/front/sidebar.ctp, line 80]
2012-04-23 12:17:31 Notice: Notice (8): Undefined variable: shopSidebar in [APP/views/elements/front/sidebar.ctp, line 89]
2012-04-23 12:17:31 Notice: Notice (8): Undefined variable: advantages in [APP/views/elements/front/sidebar.ctp, line 106]
2012-04-23 12:17:31 Notice: Notice (8): Undefined variable: shopSidebar in [APP/views/elements/front/sidebar.ctp, line 119]
2012-04-23 12:17:31 Notice: Notice (8): Undefined variable: shopSidebar in [APP/views/elements/front/sidebar.ctp, line 141]
2012-04-23 12:17:31 Notice: Notice (8): Undefined variable: shopSidebar in [APP/views/elements/front/sidebar.ctp, line 162]
2012-04-23 12:17:31 Notice: Notice (8): Undefined variable: shopSidebar in [APP/views/elements/front/sidebar.ctp, line 171]
2012-04-23 12:17:31 Notice: Notice (8): Undefined variable: shopSidebar in [APP/views/elements/front/sidebar.ctp, line 219]
2012-04-23 12:17:31 Notice: Notice (8): Undefined variable: shopSidebar in [APP/views/elements/front/sidebar.ctp, line 258]
2012-04-23 12:17:35 Notice: Notice (8): Undefined index: LoginSession in [APP/app_controller.php, line 62]
2012-04-23 12:17:35 Notice: Notice (8): Undefined variable: landingItem in [APP/views/layouts/default.ctp, line 35]
2012-04-23 12:17:35 Notice: Notice (8): Use of undefined constant   - assumed ' ' in [APP/views/layouts/default.ctp, line 86]
2012-04-23 12:17:35 Notice: Notice (8): Use of undefined constant   - assumed ' ' in [APP/views/layouts/default.ctp, line 110]
2012-04-23 12:17:35 Notice: Notice (8): Undefined variable: advantages in [APP/views/elements/front/sidebar.ctp, line 106]
2012-04-23 12:18:06 Notice: Notice (8): Undefined index: LoginSession in [APP/app_controller.php, line 62]
2012-04-23 12:18:06 Notice: Notice (8): Undefined variable: newsItem in [APP/controllers/order_controller.php, line 26]
2012-04-23 12:18:06 Notice: Notice (8): Undefined index: homepage_image1_title in [APP/views/order/home.ctp, line 6]
2012-04-23 12:18:06 Notice: Notice (8): Undefined index: homepage_image2_title in [APP/views/order/home.ctp, line 13]
2012-04-23 12:18:06 Notice: Notice (8): Undefined index: homepage_image3_title in [APP/views/order/home.ctp, line 19]
2012-04-23 12:18:06 Notice: Notice (8): Undefined index: homepage_image4_title in [APP/views/order/home.ctp, line 26]
2012-04-23 12:18:06 Notice: Notice (8): Undefined index: homepage_image5_title in [APP/views/order/home.ctp, line 31]
2012-04-23 12:18:06 Notice: Notice (8): Undefined variable: landingItem in [APP/views/layouts/default.ctp, line 35]
2012-04-23 12:18:06 Notice: Notice (8): Undefined variable: class in [APP/views/layouts/default.ctp, line 77]
2012-04-23 12:18:06 Notice: Notice (8): Undefined variable: class in [APP/views/layouts/default.ctp, line 75]
2012-04-23 12:18:06 Notice: Notice (8): Undefined variable: class in [APP/views/layouts/default.ctp, line 86]
2012-04-23 12:18:06 Notice: Notice (8): Use of undefined constant   - assumed ' ' in [APP/views/layouts/default.ctp, line 94]
2012-04-23 12:18:06 Notice: Notice (8): Undefined variable: noTitle in [APP/views/layouts/default.ctp, line 103]
2012-04-23 12:18:06 Notice: Notice (8): Use of undefined constant   - assumed ' ' in [APP/views/layouts/default.ctp, line 110]
2012-04-23 12:18:06 Notice: Notice (8): Undefined variable: noService in [APP/views/layouts/default.ctp, line 111]
2012-04-23 12:18:07 Notice: Notice (8): Undefined variable: shopSidebar in [APP/views/elements/front/sidebar.ctp, line 46]
2012-04-23 12:18:07 Notice: Notice (8): Undefined variable: shopSidebar in [APP/views/elements/front/sidebar.ctp, line 58]
2012-04-23 12:18:07 Notice: Notice (8): Undefined variable: shopSidebar in [APP/views/elements/front/sidebar.ctp, line 68]
2012-04-23 12:18:07 Notice: Notice (8): Undefined variable: shopSidebar in [APP/views/elements/front/sidebar.ctp, line 80]
2012-04-23 12:18:07 Notice: Notice (8): Undefined variable: shopSidebar in [APP/views/elements/front/sidebar.ctp, line 89]
2012-04-23 12:18:07 Notice: Notice (8): Undefined variable: shopSidebar in [APP/views/elements/front/sidebar.ctp, line 119]
2012-04-23 12:18:07 Notice: Notice (8): Undefined variable: shopSidebar in [APP/views/elements/front/sidebar.ctp, line 141]
2012-04-23 12:18:07 Notice: Notice (8): Undefined variable: shopSidebar in [APP/views/elements/front/sidebar.ctp, line 162]
2012-04-23 12:18:07 Notice: Notice (8): Undefined variable: shopSidebar in [APP/views/elements/front/sidebar.ctp, line 171]
2012-04-23 12:18:07 Notice: Notice (8): Undefined variable: shopSidebar in [APP/views/elements/front/sidebar.ctp, line 219]
2012-04-23 12:18:07 Notice: Notice (8): Undefined variable: shopSidebar in [APP/views/elements/front/sidebar.ctp, line 258]
2012-04-23 12:18:20 Notice: Notice (8): Undefined index: LoginSession in [APP/app_controller.php, line 62]
2012-04-23 12:18:20 Notice: Notice (8): Undefined variable: newsItem in [APP/controllers/order_controller.php, line 26]
2012-04-23 12:18:20 Notice: Notice (8): Undefined index: homepage_image1_title in [APP/views/order/home.ctp, line 6]
2012-04-23 12:18:20 Notice: Notice (8): Undefined index: LoginSession in [APP/app_controller.php, line 62]
2012-04-23 12:18:20 Notice: Notice (8): Undefined index: homepage_image2_title in [APP/views/order/home.ctp, line 13]
2012-04-23 12:18:20 Notice: Notice (8): Undefined index: homepage_image3_title in [APP/views/order/home.ctp, line 19]
2012-04-23 12:18:20 Notice: Notice (8): Undefined index: homepage_image4_title in [APP/views/order/home.ctp, line 26]
2012-04-23 12:18:20 Notice: Notice (8): Undefined index: homepage_image5_title in [APP/views/order/home.ctp, line 31]
2012-04-23 12:18:21 Notice: Notice (8): Undefined variable: landingItem in [APP/views/layouts/default.ctp, line 35]
2012-04-23 12:18:21 Notice: Notice (8): Undefined variable: newsItem in [APP/controllers/order_controller.php, line 26]
2012-04-23 12:18:21 Notice: Notice (8): Undefined variable: class in [APP/views/layouts/default.ctp, line 77]
2012-04-23 12:18:21 Notice: Notice (8): Undefined index: homepage_image1_title in [APP/views/order/home.ctp, line 6]
2012-04-23 12:18:21 Notice: Notice (8): Undefined variable: class in [APP/views/layouts/default.ctp, line 75]
2012-04-23 12:18:21 Notice: Notice (8): Undefined index: homepage_image2_title in [APP/views/order/home.ctp, line 13]
2012-04-23 12:18:21 Notice: Notice (8): Undefined variable: class in [APP/views/layouts/default.ctp, line 86]
2012-04-23 12:18:21 Notice: Notice (8): Undefined index: homepage_image3_title in [APP/views/order/home.ctp, line 19]
2012-04-23 12:18:21 Notice: Notice (8): Undefined index: homepage_image4_title in [APP/views/order/home.ctp, line 26]
2012-04-23 12:18:21 Notice: Notice (8): Use of undefined constant   - assumed ' ' in [APP/views/layouts/default.ctp, line 94]
2012-04-23 12:18:21 Notice: Notice (8): Undefined index: homepage_image5_title in [APP/views/order/home.ctp, line 31]
2012-04-23 12:18:21 Notice: Notice (8): Undefined variable: noTitle in [APP/views/layouts/default.ctp, line 103]
2012-04-23 12:18:21 Notice: Notice (8): Undefined variable: landingItem in [APP/views/layouts/default.ctp, line 35]
2012-04-23 12:18:21 Notice: Notice (8): Use of undefined constant   - assumed ' ' in [APP/views/layouts/default.ctp, line 110]
2012-04-23 12:18:21 Notice: Notice (8): Undefined variable: noService in [APP/views/layouts/default.ctp, line 111]
2012-04-23 12:18:21 Notice: Notice (8): Undefined variable: class in [APP/views/layouts/default.ctp, line 77]
2012-04-23 12:18:21 Notice: Notice (8): Undefined variable: shopSidebar in [APP/views/elements/front/sidebar.ctp, line 46]
2012-04-23 12:18:21 Notice: Notice (8): Undefined variable: class in [APP/views/layouts/default.ctp, line 75]
2012-04-23 12:18:21 Notice: Notice (8): Undefined variable: shopSidebar in [APP/views/elements/front/sidebar.ctp, line 58]
2012-04-23 12:18:21 Notice: Notice (8): Undefined variable: shopSidebar in [APP/views/elements/front/sidebar.ctp, line 68]
2012-04-23 12:18:21 Notice: Notice (8): Undefined variable: class in [APP/views/layouts/default.ctp, line 86]
2012-04-23 12:18:21 Notice: Notice (8): Undefined variable: shopSidebar in [APP/views/elements/front/sidebar.ctp, line 80]
2012-04-23 12:18:21 Notice: Notice (8): Use of undefined constant   - assumed ' ' in [APP/views/layouts/default.ctp, line 94]
2012-04-23 12:18:21 Notice: Notice (8): Undefined variable: shopSidebar in [APP/views/elements/front/sidebar.ctp, line 89]
2012-04-23 12:18:21 Notice: Notice (8): Undefined variable: shopSidebar in [APP/views/elements/front/sidebar.ctp, line 119]
2012-04-23 12:18:21 Notice: Notice (8): Undefined variable: noTitle in [APP/views/layouts/default.ctp, line 103]
2012-04-23 12:18:21 Notice: Notice (8): Undefined variable: shopSidebar in [APP/views/elements/front/sidebar.ctp, line 141]
2012-04-23 12:18:21 Notice: Notice (8): Use of undefined constant   - assumed ' ' in [APP/views/layouts/default.ctp, line 110]
2012-04-23 12:18:21 Notice: Notice (8): Undefined variable: shopSidebar in [APP/views/elements/front/sidebar.ctp, line 162]
2012-04-23 12:18:21 Notice: Notice (8): Undefined variable: noService in [APP/views/layouts/default.ctp, line 111]
2012-04-23 12:18:21 Notice: Notice (8): Undefined variable: shopSidebar in [APP/views/elements/front/sidebar.ctp, line 171]
2012-04-23 12:18:21 Notice: Notice (8): Undefined variable: shopSidebar in [APP/views/elements/front/sidebar.ctp, line 219]
2012-04-23 12:18:21 Notice: Notice (8): Undefined variable: shopSidebar in [APP/views/elements/front/sidebar.ctp, line 46]
2012-04-23 12:18:21 Notice: Notice (8): Undefined variable: shopSidebar in [APP/views/elements/front/sidebar.ctp, line 258]
2012-04-23 12:18:21 Notice: Notice (8): Undefined variable: shopSidebar in [APP/views/elements/front/sidebar.ctp, line 58]
2012-04-23 12:18:21 Notice: Notice (8): Undefined variable: shopSidebar in [APP/views/elements/front/sidebar.ctp, line 68]
2012-04-23 12:18:21 Notice: Notice (8): Undefined variable: shopSidebar in [APP/views/elements/front/sidebar.ctp, line 80]
2012-04-23 12:18:21 Notice: Notice (8): Undefined variable: shopSidebar in [APP/views/elements/front/sidebar.ctp, line 89]
2012-04-23 12:18:21 Notice: Notice (8): Undefined variable: shopSidebar in [APP/views/elements/front/sidebar.ctp, line 119]
2012-04-23 12:18:21 Notice: Notice (8): Undefined variable: shopSidebar in [APP/views/elements/front/sidebar.ctp, line 141]
2012-04-23 12:18:21 Notice: Notice (8): Undefined variable: shopSidebar in [APP/views/elements/front/sidebar.ctp, line 162]
2012-04-23 12:18:21 Notice: Notice (8): Undefined variable: shopSidebar in [APP/views/elements/front/sidebar.ctp, line 171]
2012-04-23 12:18:21 Notice: Notice (8): Undefined variable: shopSidebar in [APP/views/elements/front/sidebar.ctp, line 219]
2012-04-23 12:18:21 Notice: Notice (8): Undefined variable: shopSidebar in [APP/views/elements/front/sidebar.ctp, line 258]
2012-04-23 12:18:22 Notice: Notice (8): Undefined index: LoginSession in [APP/app_controller.php, line 62]
2012-04-23 12:18:24 Notice: Notice (8): Undefined index: LoginSession in [APP/app_controller.php, line 62]
2012-04-23 12:18:24 Notice: Notice (8): Undefined index: LoginSession in [APP/app_controller.php, line 62]
2012-04-23 12:18:24 Notice: Notice (8): Undefined index: LoginSession in [APP/app_controller.php, line 62]
2012-04-23 12:18:24 Notice: Notice (8): Undefined index: LoginSession in [APP/app_controller.php, line 62]
2012-04-23 12:18:24 Notice: Notice (8): Undefined index: LoginSession in [APP/app_controller.php, line 62]
2012-04-23 12:18:25 Notice: Notice (8): Undefined index: LoginSession in [APP/app_controller.php, line 62]
2012-04-23 12:18:30 Notice: Notice (8): Undefined index: LoginSession in [APP/app_controller.php, line 62]
2012-04-23 12:18:35 Notice: Notice (8): Undefined index: LoginSession in [APP/app_controller.php, line 62]
2012-04-23 12:18:36 Notice: Notice (8): Undefined index: LoginSession in [APP/app_controller.php, line 62]
2012-04-23 12:18:36 Notice: Notice (8): Undefined index: LoginSession in [APP/app_controller.php, line 62]
2012-04-23 12:18:37 Notice: Notice (8): Undefined index: LoginSession in [APP/app_controller.php, line 62]
2012-04-23 12:18:37 Notice: Notice (8): Undefined index: LoginSession in [APP/app_controller.php, line 62]
2012-04-23 12:18:37 Notice: Notice (8): Undefined index: LoginSession in [APP/app_controller.php, line 62]
2012-04-23 12:18:44 Notice: Notice (8): Undefined index: LoginSession in [APP/app_controller.php, line 62]
2012-04-23 12:18:45 Notice: Notice (8): Undefined variable: newsItem in [APP/controllers/order_controller.php, line 26]
2012-04-23 12:18:45 Notice: Notice (8): Undefined index: homepage_image1_title in [APP/views/order/home.ctp, line 6]
2012-04-23 12:18:45 Notice: Notice (8): Undefined index: homepage_image2_title in [APP/views/order/home.ctp, line 13]
2012-04-23 12:18:45 Notice: Notice (8): Undefined index: homepage_image3_title in [APP/views/order/home.ctp, line 19]
2012-04-23 12:18:45 Notice: Notice (8): Undefined index: homepage_image4_title in [APP/views/order/home.ctp, line 26]
2012-04-23 12:18:45 Notice: Notice (8): Undefined index: homepage_image5_title in [APP/views/order/home.ctp, line 31]
2012-04-23 12:18:45 Notice: Notice (8): Undefined variable: landingItem in [APP/views/layouts/default.ctp, line 35]
2012-04-23 12:18:45 Notice: Notice (8): Undefined variable: class in [APP/views/layouts/default.ctp, line 77]
2012-04-23 12:18:45 Notice: Notice (8): Undefined variable: class in [APP/views/layouts/default.ctp, line 75]
2012-04-23 12:18:45 Notice: Notice (8): Undefined variable: class in [APP/views/layouts/default.ctp, line 86]
2012-04-23 12:18:45 Notice: Notice (8): Use of undefined constant   - assumed ' ' in [APP/views/layouts/default.ctp, line 94]
2012-04-23 12:18:45 Notice: Notice (8): Undefined variable: noTitle in [APP/views/layouts/default.ctp, line 103]
2012-04-23 12:18:45 Notice: Notice (8): Use of undefined constant   - assumed ' ' in [APP/views/layouts/default.ctp, line 110]
2012-04-23 12:18:45 Notice: Notice (8): Undefined variable: noService in [APP/views/layouts/default.ctp, line 111]
2012-04-23 12:18:45 Notice: Notice (8): Undefined variable: shopSidebar in [APP/views/elements/front/sidebar.ctp, line 46]
2012-04-23 12:18:45 Notice: Notice (8): Undefined variable: shopSidebar in [APP/views/elements/front/sidebar.ctp, line 58]
2012-04-23 12:18:45 Notice: Notice (8): Undefined variable: shopSidebar in [APP/views/elements/front/sidebar.ctp, line 68]
2012-04-23 12:18:45 Notice: Notice (8): Undefined variable: shopSidebar in [APP/views/elements/front/sidebar.ctp, line 80]
2012-04-23 12:18:45 Notice: Notice (8): Undefined variable: shopSidebar in [APP/views/elements/front/sidebar.ctp, line 89]
2012-04-23 12:18:45 Notice: Notice (8): Undefined variable: shopSidebar in [APP/views/elements/front/sidebar.ctp, line 119]
2012-04-23 12:18:45 Notice: Notice (8): Undefined variable: shopSidebar in [APP/views/elements/front/sidebar.ctp, line 141]
2012-04-23 12:18:45 Notice: Notice (8): Undefined variable: shopSidebar in [APP/views/elements/front/sidebar.ctp, line 162]
2012-04-23 12:18:45 Notice: Notice (8): Undefined variable: shopSidebar in [APP/views/elements/front/sidebar.ctp, line 171]
2012-04-23 12:18:45 Notice: Notice (8): Undefined variable: shopSidebar in [APP/views/elements/front/sidebar.ctp, line 219]
2012-04-23 12:18:45 Notice: Notice (8): Undefined variable: shopSidebar in [APP/views/elements/front/sidebar.ctp, line 258]
2012-04-23 12:18:46 Notice: Notice (8): Undefined index: LoginSession in [APP/app_controller.php, line 62]
2012-04-23 12:18:46 Notice: Notice (8): Undefined index: LoginSession in [APP/app_controller.php, line 62]
2012-04-23 12:18:47 Notice: Notice (8): Undefined variable: newsItem in [APP/controllers/order_controller.php, line 26]
2012-04-23 12:18:47 Notice: Notice (8): Undefined index: homepage_image1_title in [APP/views/order/home.ctp, line 6]
2012-04-23 12:18:47 Notice: Notice (8): Undefined index: homepage_image2_title in [APP/views/order/home.ctp, line 13]
2012-04-23 12:18:47 Notice: Notice (8): Undefined index: homepage_image3_title in [APP/views/order/home.ctp, line 19]
2012-04-23 12:18:47 Notice: Notice (8): Undefined index: homepage_image4_title in [APP/views/order/home.ctp, line 26]
2012-04-23 12:18:47 Notice: Notice (8): Undefined index: homepage_image5_title in [APP/views/order/home.ctp, line 31]
2012-04-23 12:18:47 Notice: Notice (8): Undefined variable: landingItem in [APP/views/layouts/default.ctp, line 35]
2012-04-23 12:18:47 Notice: Notice (8): Undefined variable: class in [APP/views/layouts/default.ctp, line 77]
2012-04-23 12:18:47 Notice: Notice (8): Undefined variable: class in [APP/views/layouts/default.ctp, line 75]
2012-04-23 12:18:47 Notice: Notice (8): Undefined index: LoginSession in [APP/app_controller.php, line 62]
2012-04-23 12:18:47 Notice: Notice (8): Undefined variable: class in [APP/views/layouts/default.ctp, line 86]
2012-04-23 12:18:47 Notice: Notice (8): Use of undefined constant   - assumed ' ' in [APP/views/layouts/default.ctp, line 94]
2012-04-23 12:18:47 Notice: Notice (8): Undefined variable: noTitle in [APP/views/layouts/default.ctp, line 103]
2012-04-23 12:18:47 Notice: Notice (8): Use of undefined constant   - assumed ' ' in [APP/views/layouts/default.ctp, line 110]
2012-04-23 12:18:47 Notice: Notice (8): Undefined variable: noService in [APP/views/layouts/default.ctp, line 111]
2012-04-23 12:18:47 Notice: Notice (8): Undefined variable: shopSidebar in [APP/views/elements/front/sidebar.ctp, line 46]
2012-04-23 12:18:47 Notice: Notice (8): Undefined variable: shopSidebar in [APP/views/elements/front/sidebar.ctp, line 58]
2012-04-23 12:18:47 Notice: Notice (8): Undefined variable: shopSidebar in [APP/views/elements/front/sidebar.ctp, line 68]
2012-04-23 12:18:47 Notice: Notice (8): Undefined variable: shopSidebar in [APP/views/elements/front/sidebar.ctp, line 80]
2012-04-23 12:18:47 Notice: Notice (8): Undefined variable: shopSidebar in [APP/views/elements/front/sidebar.ctp, line 89]
2012-04-23 12:18:47 Notice: Notice (8): Undefined variable: shopSidebar in [APP/views/elements/front/sidebar.ctp, line 119]
2012-04-23 12:18:47 Notice: Notice (8): Undefined variable: shopSidebar in [APP/views/elements/front/sidebar.ctp, line 141]
2012-04-23 12:18:47 Notice: Notice (8): Undefined variable: shopSidebar in [APP/views/elements/front/sidebar.ctp, line 162]
2012-04-23 12:18:47 Notice: Notice (8): Undefined variable: shopSidebar in [APP/views/elements/front/sidebar.ctp, line 171]
2012-04-23 12:18:47 Notice: Notice (8): Undefined variable: shopSidebar in [APP/views/elements/front/sidebar.ctp, line 219]
2012-04-23 12:18:47 Notice: Notice (8): Undefined variable: shopSidebar in [APP/views/elements/front/sidebar.ctp, line 258]
2012-04-23 12:18:49 Notice: Notice (8): Undefined index: LoginSession in [APP/app_controller.php, line 62]
2012-04-23 12:18:49 Notice: Notice (8): Undefined index: LoginSession in [APP/app_controller.php, line 62]
2012-04-23 12:18:50 Notice: Notice (8): Undefined index: LoginSession in [APP/app_controller.php, line 62]
2012-04-23 12:18:53 Notice: Notice (8): Undefined index: LoginSession in [APP/app_controller.php, line 62]
2012-04-23 12:18:53 Notice: Notice (8): Undefined index: LoginSession in [APP/app_controller.php, line 62]
2012-04-23 12:18:54 Notice: Notice (8): Undefined index: LoginSession in [APP/app_controller.php, line 62]
2012-04-23 12:18:54 Notice: Notice (8): Undefined index: LoginSession in [APP/app_controller.php, line 62]
2012-04-23 12:18:54 Notice: Notice (8): Undefined index: LoginSession in [APP/app_controller.php, line 62]
2012-04-23 12:18:55 Notice: Notice (8): Undefined index: LoginSession in [APP/app_controller.php, line 62]
2012-04-23 12:18:55 Notice: Notice (8): Undefined variable: landingItem in [APP/views/layouts/default.ctp, line 35]
2012-04-23 12:18:55 Notice: Notice (8): Use of undefined constant   - assumed ' ' in [APP/views/layouts/default.ctp, line 86]
2012-04-23 12:18:55 Notice: Notice (8): Use of undefined constant   - assumed ' ' in [APP/views/layouts/default.ctp, line 110]
2012-04-23 12:18:55 Notice: Notice (8): Undefined variable: advantages in [APP/views/elements/front/sidebar.ctp, line 106]
2012-04-23 12:18:58 Notice: Notice (8): Undefined index: LoginSession in [APP/app_controller.php, line 62]
2012-04-23 12:18:58 Notice: Notice (8): Undefined variable: landingItem in [APP/views/layouts/default.ctp, line 35]
2012-04-23 12:18:58 Notice: Notice (8): Use of undefined constant   - assumed ' ' in [APP/views/layouts/default.ctp, line 86]
2012-04-23 12:18:58 Notice: Notice (8): Use of undefined constant   - assumed ' ' in [APP/views/layouts/default.ctp, line 110]
2012-04-23 12:18:58 Notice: Notice (8): Undefined variable: advantages in [APP/views/elements/front/sidebar.ctp, line 106]
2012-04-23 12:19:02 Notice: Notice (8): Undefined index: LoginSession in [APP/app_controller.php, line 62]
2012-04-23 12:19:03 Notice: Notice (8): Undefined index: LoginSession in [APP/app_controller.php, line 62]
2012-04-23 12:19:05 Notice: Notice (8): Undefined index: LoginSession in [APP/app_controller.php, line 62]
2012-04-23 12:19:08 Notice: Notice (8): Undefined index: LoginSession in [APP/app_controller.php, line 62]
2012-04-23 12:19:08 Notice: Notice (8): Undefined variable: newsItem in [APP/controllers/order_controller.php, line 26]
2012-04-23 12:19:08 Notice: Notice (8): Undefined index: homepage_image1_title in [APP/views/order/home.ctp, line 6]
2012-04-23 12:19:08 Notice: Notice (8): Undefined index: homepage_image2_title in [APP/views/order/home.ctp, line 13]
2012-04-23 12:19:08 Notice: Notice (8): Undefined index: homepage_image3_title in [APP/views/order/home.ctp, line 19]
2012-04-23 12:19:08 Notice: Notice (8): Undefined index: homepage_image4_title in [APP/views/order/home.ctp, line 26]
2012-04-23 12:19:08 Notice: Notice (8): Undefined index: homepage_image5_title in [APP/views/order/home.ctp, line 31]
2012-04-23 12:19:08 Notice: Notice (8): Undefined variable: landingItem in [APP/views/layouts/default.ctp, line 35]
2012-04-23 12:19:08 Notice: Notice (8): Undefined variable: class in [APP/views/layouts/default.ctp, line 77]
2012-04-23 12:19:08 Notice: Notice (8): Undefined variable: class in [APP/views/layouts/default.ctp, line 75]
2012-04-23 12:19:08 Notice: Notice (8): Undefined variable: class in [APP/views/layouts/default.ctp, line 86]
2012-04-23 12:19:08 Notice: Notice (8): Use of undefined constant   - assumed ' ' in [APP/views/layouts/default.ctp, line 94]
2012-04-23 12:19:08 Notice: Notice (8): Undefined variable: noTitle in [APP/views/layouts/default.ctp, line 103]
2012-04-23 12:19:08 Notice: Notice (8): Use of undefined constant   - assumed ' ' in [APP/views/layouts/default.ctp, line 110]
2012-04-23 12:19:08 Notice: Notice (8): Undefined variable: noService in [APP/views/layouts/default.ctp, line 111]
2012-04-23 12:19:08 Notice: Notice (8): Undefined variable: shopSidebar in [APP/views/elements/front/sidebar.ctp, line 46]
2012-04-23 12:19:08 Notice: Notice (8): Undefined variable: shopSidebar in [APP/views/elements/front/sidebar.ctp, line 58]
2012-04-23 12:19:08 Notice: Notice (8): Undefined variable: shopSidebar in [APP/views/elements/front/sidebar.ctp, line 68]
2012-04-23 12:19:08 Notice: Notice (8): Undefined variable: shopSidebar in [APP/views/elements/front/sidebar.ctp, line 80]
2012-04-23 12:19:08 Notice: Notice (8): Undefined variable: shopSidebar in [APP/views/elements/front/sidebar.ctp, line 89]
2012-04-23 12:19:09 Notice: Notice (8): Undefined variable: shopSidebar in [APP/views/elements/front/sidebar.ctp, line 119]
2012-04-23 12:19:09 Notice: Notice (8): Undefined variable: shopSidebar in [APP/views/elements/front/sidebar.ctp, line 141]
2012-04-23 12:19:09 Notice: Notice (8): Undefined variable: shopSidebar in [APP/views/elements/front/sidebar.ctp, line 162]
2012-04-23 12:19:09 Notice: Notice (8): Undefined variable: shopSidebar in [APP/views/elements/front/sidebar.ctp, line 171]
2012-04-23 12:19:09 Notice: Notice (8): Undefined variable: shopSidebar in [APP/views/elements/front/sidebar.ctp, line 219]
2012-04-23 12:19:09 Notice: Notice (8): Undefined variable: shopSidebar in [APP/views/elements/front/sidebar.ctp, line 258]
2012-04-23 12:20:04 Notice: Notice (8): Undefined index: LoginSession in [APP/app_controller.php, line 62]
2012-04-23 12:20:04 Notice: Notice (8): Undefined variable: newsItem in [APP/controllers/order_controller.php, line 26]
2012-04-23 12:20:04 Notice: Notice (8): Undefined index: homepage_image1_title in [APP/views/order/home.ctp, line 6]
2012-04-23 12:20:04 Notice: Notice (8): Undefined index: homepage_image2_title in [APP/views/order/home.ctp, line 13]
2012-04-23 12:20:04 Notice: Notice (8): Undefined index: homepage_image3_title in [APP/views/order/home.ctp, line 19]
2012-04-23 12:20:04 Notice: Notice (8): Undefined index: homepage_image4_title in [APP/views/order/home.ctp, line 26]
2012-04-23 12:20:04 Notice: Notice (8): Undefined index: homepage_image5_title in [APP/views/order/home.ctp, line 31]
2012-04-23 12:20:04 Notice: Notice (8): Undefined variable: landingItem in [APP/views/layouts/default.ctp, line 35]
2012-04-23 12:20:04 Notice: Notice (8): Undefined variable: class in [APP/views/layouts/default.ctp, line 77]
2012-04-23 12:20:04 Notice: Notice (8): Undefined variable: class in [APP/views/layouts/default.ctp, line 75]
2012-04-23 12:20:04 Notice: Notice (8): Undefined variable: class in [APP/views/layouts/default.ctp, line 86]
2012-04-23 12:20:04 Notice: Notice (8): Use of undefined constant   - assumed ' ' in [APP/views/layouts/default.ctp, line 94]
2012-04-23 12:20:04 Notice: Notice (8): Undefined variable: noTitle in [APP/views/layouts/default.ctp, line 103]
2012-04-23 12:20:04 Notice: Notice (8): Use of undefined constant   - assumed ' ' in [APP/views/layouts/default.ctp, line 110]
2012-04-23 12:20:04 Notice: Notice (8): Undefined variable: noService in [APP/views/layouts/default.ctp, line 111]
2012-04-23 12:20:04 Notice: Notice (8): Undefined variable: shopSidebar in [APP/views/elements/front/sidebar.ctp, line 46]
2012-04-23 12:20:04 Notice: Notice (8): Undefined variable: shopSidebar in [APP/views/elements/front/sidebar.ctp, line 58]
2012-04-23 12:20:04 Notice: Notice (8): Undefined variable: shopSidebar in [APP/views/elements/front/sidebar.ctp, line 68]
2012-04-23 12:20:04 Notice: Notice (8): Undefined variable: shopSidebar in [APP/views/elements/front/sidebar.ctp, line 80]
2012-04-23 12:20:04 Notice: Notice (8): Undefined variable: shopSidebar in [APP/views/elements/front/sidebar.ctp, line 89]
2012-04-23 12:20:04 Notice: Notice (8): Undefined variable: shopSidebar in [APP/views/elements/front/sidebar.ctp, line 119]
2012-04-23 12:20:04 Notice: Notice (8): Undefined variable: shopSidebar in [APP/views/elements/front/sidebar.ctp, line 141]
2012-04-23 12:20:04 Notice: Notice (8): Undefined variable: shopSidebar in [APP/views/elements/front/sidebar.ctp, line 162]
2012-04-23 12:20:04 Notice: Notice (8): Undefined variable: shopSidebar in [APP/views/elements/front/sidebar.ctp, line 171]
2012-04-23 12:20:04 Notice: Notice (8): Undefined variable: shopSidebar in [APP/views/elements/front/sidebar.ctp, line 219]
2012-04-23 12:20:05 Notice: Notice (8): Undefined variable: shopSidebar in [APP/views/elements/front/sidebar.ctp, line 258]
2012-04-23 12:20:06 Notice: Notice (8): Undefined index: LoginSession in [APP/app_controller.php, line 62]
2012-04-23 12:20:07 Notice: Notice (8): Undefined index: LoginSession in [APP/app_controller.php, line 62]
2012-04-23 12:20:07 Notice: Notice (8): Undefined index: LoginSession in [APP/app_controller.php, line 62]
2012-04-23 12:20:08 Notice: Notice (8): Undefined index: LoginSession in [APP/app_controller.php, line 62]
2012-04-23 12:20:08 Notice: Notice (8): Undefined index: LoginSession in [APP/app_controller.php, line 62]
2012-04-23 12:20:08 Notice: Notice (8): Undefined index: LoginSession in [APP/app_controller.php, line 62]
2012-04-23 12:20:09 Notice: Notice (8): Undefined index: LoginSession in [APP/app_controller.php, line 62]
2012-04-23 12:20:31 Notice: Notice (8): Undefined index: LoginSession in [APP/app_controller.php, line 62]
2012-04-23 12:20:42 Notice: Notice (8): Undefined index: LoginSession in [APP/app_controller.php, line 62]
2012-04-23 12:20:54 Notice: Notice (8): Undefined index: LoginSession in [APP/app_controller.php, line 62]
2012-04-23 12:20:55 Notice: Notice (8): Undefined variable: newsItem in [APP/controllers/order_controller.php, line 26]
2012-04-23 12:20:55 Notice: Notice (8): Undefined index: homepage_image1_title in [APP/views/order/home.ctp, line 6]
2012-04-23 12:20:55 Notice: Notice (8): Undefined index: homepage_image2_title in [APP/views/order/home.ctp, line 13]
2012-04-23 12:20:55 Notice: Notice (8): Undefined index: homepage_image3_title in [APP/views/order/home.ctp, line 19]
2012-04-23 12:20:55 Notice: Notice (8): Undefined index: homepage_image4_title in [APP/views/order/home.ctp, line 26]
2012-04-23 12:20:55 Notice: Notice (8): Undefined index: homepage_image5_title in [APP/views/order/home.ctp, line 31]
2012-04-23 12:20:55 Notice: Notice (8): Undefined variable: landingItem in [APP/views/layouts/default.ctp, line 35]
2012-04-23 12:20:55 Notice: Notice (8): Undefined variable: class in [APP/views/layouts/default.ctp, line 77]
2012-04-23 12:20:55 Notice: Notice (8): Undefined variable: class in [APP/views/layouts/default.ctp, line 75]
2012-04-23 12:20:55 Notice: Notice (8): Undefined variable: class in [APP/views/layouts/default.ctp, line 86]
2012-04-23 12:20:55 Notice: Notice (8): Use of undefined constant   - assumed ' ' in [APP/views/layouts/default.ctp, line 94]
2012-04-23 12:20:55 Notice: Notice (8): Undefined variable: noTitle in [APP/views/layouts/default.ctp, line 103]
2012-04-23 12:20:55 Notice: Notice (8): Use of undefined constant   - assumed ' ' in [APP/views/layouts/default.ctp, line 110]
2012-04-23 12:20:55 Notice: Notice (8): Undefined variable: noService in [APP/views/layouts/default.ctp, line 111]
2012-04-23 12:20:55 Notice: Notice (8): Undefined variable: shopSidebar in [APP/views/elements/front/sidebar.ctp, line 46]
2012-04-23 12:20:55 Notice: Notice (8): Undefined variable: shopSidebar in [APP/views/elements/front/sidebar.ctp, line 58]
2012-04-23 12:20:55 Notice: Notice (8): Undefined variable: shopSidebar in [APP/views/elements/front/sidebar.ctp, line 68]
2012-04-23 12:20:55 Notice: Notice (8): Undefined variable: shopSidebar in [APP/views/elements/front/sidebar.ctp, line 80]
2012-04-23 12:20:55 Notice: Notice (8): Undefined variable: shopSidebar in [APP/views/elements/front/sidebar.ctp, line 89]
2012-04-23 12:20:55 Notice: Notice (8): Undefined variable: shopSidebar in [APP/views/elements/front/sidebar.ctp, line 119]
2012-04-23 12:20:55 Notice: Notice (8): Undefined variable: shopSidebar in [APP/views/elements/front/sidebar.ctp, line 141]
2012-04-23 12:20:55 Notice: Notice (8): Undefined variable: shopSidebar in [APP/views/elements/front/sidebar.ctp, line 162]
2012-04-23 12:20:55 Notice: Notice (8): Undefined variable: shopSidebar in [APP/views/elements/front/sidebar.ctp, line 171]
2012-04-23 12:20:55 Notice: Notice (8): Undefined variable: shopSidebar in [APP/views/elements/front/sidebar.ctp, line 219]
2012-04-23 12:20:55 Notice: Notice (8): Undefined variable: shopSidebar in [APP/views/elements/front/sidebar.ctp, line 258]
2012-04-23 12:20:56 Notice: Notice (8): Undefined index: LoginSession in [APP/app_controller.php, line 62]
2012-04-23 12:20:57 Notice: Notice (8): Undefined index: LoginSession in [APP/app_controller.php, line 62]
2012-04-23 12:20:58 Notice: Notice (8): Undefined index: LoginSession in [APP/app_controller.php, line 62]
2012-04-23 12:21:04 Notice: Notice (8): Undefined index: LoginSession in [APP/app_controller.php, line 62]
2012-04-23 12:21:04 Notice: Notice (8): Undefined variable: newsItem in [APP/controllers/order_controller.php, line 26]
2012-04-23 12:21:04 Notice: Notice (8): Undefined index: homepage_image1_title in [APP/views/order/home.ctp, line 6]
2012-04-23 12:21:04 Notice: Notice (8): Undefined index: homepage_image2_title in [APP/views/order/home.ctp, line 13]
2012-04-23 12:21:04 Notice: Notice (8): Undefined index: homepage_image3_title in [APP/views/order/home.ctp, line 19]
2012-04-23 12:21:04 Notice: Notice (8): Undefined index: homepage_image4_title in [APP/views/order/home.ctp, line 26]
2012-04-23 12:21:04 Notice: Notice (8): Undefined index: homepage_image5_title in [APP/views/order/home.ctp, line 31]
2012-04-23 12:21:04 Notice: Notice (8): Undefined variable: landingItem in [APP/views/layouts/default.ctp, line 35]
2012-04-23 12:21:04 Notice: Notice (8): Undefined variable: class in [APP/views/layouts/default.ctp, line 77]
2012-04-23 12:21:04 Notice: Notice (8): Undefined variable: class in [APP/views/layouts/default.ctp, line 75]
2012-04-23 12:21:04 Notice: Notice (8): Undefined variable: class in [APP/views/layouts/default.ctp, line 86]
2012-04-23 12:21:04 Notice: Notice (8): Use of undefined constant   - assumed ' ' in [APP/views/layouts/default.ctp, line 94]
2012-04-23 12:21:04 Notice: Notice (8): Undefined variable: noTitle in [APP/views/layouts/default.ctp, line 103]
2012-04-23 12:21:04 Notice: Notice (8): Use of undefined constant   - assumed ' ' in [APP/views/layouts/default.ctp, line 110]
2012-04-23 12:21:04 Notice: Notice (8): Undefined variable: noService in [APP/views/layouts/default.ctp, line 111]
2012-04-23 12:21:04 Notice: Notice (8): Undefined variable: shopSidebar in [APP/views/elements/front/sidebar.ctp, line 46]
2012-04-23 12:21:04 Notice: Notice (8): Undefined variable: shopSidebar in [APP/views/elements/front/sidebar.ctp, line 58]
2012-04-23 12:21:04 Notice: Notice (8): Undefined variable: shopSidebar in [APP/views/elements/front/sidebar.ctp, line 68]
2012-04-23 12:21:04 Notice: Notice (8): Undefined variable: shopSidebar in [APP/views/elements/front/sidebar.ctp, line 80]
2012-04-23 12:21:04 Notice: Notice (8): Undefined variable: shopSidebar in [APP/views/elements/front/sidebar.ctp, line 89]
2012-04-23 12:21:04 Notice: Notice (8): Undefined variable: shopSidebar in [APP/views/elements/front/sidebar.ctp, line 119]
2012-04-23 12:21:04 Notice: Notice (8): Undefined variable: shopSidebar in [APP/views/elements/front/sidebar.ctp, line 141]
2012-04-23 12:21:04 Notice: Notice (8): Undefined variable: shopSidebar in [APP/views/elements/front/sidebar.ctp, line 162]
2012-04-23 12:21:04 Notice: Notice (8): Undefined variable: shopSidebar in [APP/views/elements/front/sidebar.ctp, line 171]
2012-04-23 12:21:04 Notice: Notice (8): Undefined variable: shopSidebar in [APP/views/elements/front/sidebar.ctp, line 219]
2012-04-23 12:21:04 Notice: Notice (8): Undefined variable: shopSidebar in [APP/views/elements/front/sidebar.ctp, line 258]
2012-04-23 12:21:13 Notice: Notice (8): Undefined index: LoginSession in [APP/app_controller.php, line 62]
2012-04-23 12:21:25 Notice: Notice (8): Undefined index: LoginSession in [APP/app_controller.php, line 62]
2012-04-23 12:21:25 Notice: Notice (8): Undefined variable: newsItem in [APP/controllers/order_controller.php, line 26]
2012-04-23 12:21:25 Notice: Notice (8): Undefined index: homepage_image1_title in [APP/views/order/home.ctp, line 6]
2012-04-23 12:21:25 Notice: Notice (8): Undefined index: homepage_image2_title in [APP/views/order/home.ctp, line 13]
2012-04-23 12:21:25 Notice: Notice (8): Undefined index: homepage_image3_title in [APP/views/order/home.ctp, line 19]
2012-04-23 12:21:25 Notice: Notice (8): Undefined index: homepage_image4_title in [APP/views/order/home.ctp, line 26]
2012-04-23 12:21:25 Notice: Notice (8): Undefined index: homepage_image5_title in [APP/views/order/home.ctp, line 31]
2012-04-23 12:21:25 Notice: Notice (8): Undefined variable: landingItem in [APP/views/layouts/default.ctp, line 35]
2012-04-23 12:21:25 Notice: Notice (8): Undefined variable: class in [APP/views/layouts/default.ctp, line 77]
2012-04-23 12:21:25 Notice: Notice (8): Undefined variable: class in [APP/views/layouts/default.ctp, line 75]
2012-04-23 12:21:25 Notice: Notice (8): Undefined variable: class in [APP/views/layouts/default.ctp, line 86]
2012-04-23 12:21:25 Notice: Notice (8): Use of undefined constant   - assumed ' ' in [APP/views/layouts/default.ctp, line 94]
2012-04-23 12:21:25 Notice: Notice (8): Undefined variable: noTitle in [APP/views/layouts/default.ctp, line 103]
2012-04-23 12:21:25 Notice: Notice (8): Use of undefined constant   - assumed ' ' in [APP/views/layouts/default.ctp, line 110]
2012-04-23 12:21:25 Notice: Notice (8): Undefined variable: noService in [APP/views/layouts/default.ctp, line 111]
2012-04-23 12:21:25 Notice: Notice (8): Undefined variable: shopSidebar in [APP/views/elements/front/sidebar.ctp, line 46]
2012-04-23 12:21:25 Notice: Notice (8): Undefined variable: shopSidebar in [APP/views/elements/front/sidebar.ctp, line 58]
2012-04-23 12:21:25 Notice: Notice (8): Undefined variable: shopSidebar in [APP/views/elements/front/sidebar.ctp, line 68]
2012-04-23 12:21:25 Notice: Notice (8): Undefined variable: shopSidebar in [APP/views/elements/front/sidebar.ctp, line 80]
2012-04-23 12:21:25 Notice: Notice (8): Undefined variable: shopSidebar in [APP/views/elements/front/sidebar.ctp, line 89]
2012-04-23 12:21:25 Notice: Notice (8): Undefined variable: shopSidebar in [APP/views/elements/front/sidebar.ctp, line 119]
2012-04-23 12:21:25 Notice: Notice (8): Undefined variable: shopSidebar in [APP/views/elements/front/sidebar.ctp, line 141]
2012-04-23 12:21:25 Notice: Notice (8): Undefined variable: shopSidebar in [APP/views/elements/front/sidebar.ctp, line 162]
2012-04-23 12:21:25 Notice: Notice (8): Undefined variable: shopSidebar in [APP/views/elements/front/sidebar.ctp, line 171]
2012-04-23 12:21:25 Notice: Notice (8): Undefined variable: shopSidebar in [APP/views/elements/front/sidebar.ctp, line 219]
2012-04-23 12:21:25 Notice: Notice (8): Undefined variable: shopSidebar in [APP/views/elements/front/sidebar.ctp, line 258]
2012-04-23 12:21:33 Notice: Notice (8): Undefined index: LoginSession in [APP/app_controller.php, line 62]
2012-04-23 12:21:33 Notice: Notice (8): Undefined variable: landingItem in [APP/views/layouts/default.ctp, line 35]
2012-04-23 12:21:33 Notice: Notice (8): Use of undefined constant   - assumed ' ' in [APP/views/layouts/default.ctp, line 86]
2012-04-23 12:21:33 Notice: Notice (8): Use of undefined constant   - assumed ' ' in [APP/views/layouts/default.ctp, line 110]
2012-04-23 12:21:33 Notice: Notice (8): Undefined variable: advantages in [APP/views/elements/front/sidebar.ctp, line 106]
2012-04-23 12:21:34 Notice: Notice (8): Undefined index: LoginSession in [APP/app_controller.php, line 62]
2012-04-23 12:21:34 Notice: Notice (8): Undefined variable: landingItem in [APP/views/layouts/default.ctp, line 35]
2012-04-23 12:21:34 Notice: Notice (8): Use of undefined constant   - assumed ' ' in [APP/views/layouts/default.ctp, line 86]
2012-04-23 12:21:34 Notice: Notice (8): Use of undefined constant   - assumed ' ' in [APP/views/layouts/default.ctp, line 110]
2012-04-23 12:21:34 Notice: Notice (8): Undefined variable: advantages in [APP/views/elements/front/sidebar.ctp, line 106]
2012-04-23 12:21:35 Notice: Notice (8): Undefined index: LoginSession in [APP/app_controller.php, line 62]
2012-04-23 12:21:35 Notice: Notice (8): Undefined variable: newsItem in [APP/controllers/order_controller.php, line 26]
2012-04-23 12:21:35 Notice: Notice (8): Undefined index: homepage_image1_title in [APP/views/order/home.ctp, line 6]
2012-04-23 12:21:35 Notice: Notice (8): Undefined index: homepage_image2_title in [APP/views/order/home.ctp, line 13]
2012-04-23 12:21:35 Notice: Notice (8): Undefined index: homepage_image3_title in [APP/views/order/home.ctp, line 19]
2012-04-23 12:21:35 Notice: Notice (8): Undefined index: homepage_image4_title in [APP/views/order/home.ctp, line 26]
2012-04-23 12:21:35 Notice: Notice (8): Undefined index: homepage_image5_title in [APP/views/order/home.ctp, line 31]
2012-04-23 12:21:35 Notice: Notice (8): Undefined variable: landingItem in [APP/views/layouts/default.ctp, line 35]
2012-04-23 12:21:35 Notice: Notice (8): Undefined variable: class in [APP/views/layouts/default.ctp, line 77]
2012-04-23 12:21:35 Notice: Notice (8): Undefined variable: class in [APP/views/layouts/default.ctp, line 75]
2012-04-23 12:21:35 Notice: Notice (8): Undefined variable: class in [APP/views/layouts/default.ctp, line 86]
2012-04-23 12:21:35 Notice: Notice (8): Use of undefined constant   - assumed ' ' in [APP/views/layouts/default.ctp, line 94]
2012-04-23 12:21:35 Notice: Notice (8): Undefined variable: noTitle in [APP/views/layouts/default.ctp, line 103]
2012-04-23 12:21:35 Notice: Notice (8): Use of undefined constant   - assumed ' ' in [APP/views/layouts/default.ctp, line 110]
2012-04-23 12:21:35 Notice: Notice (8): Undefined variable: noService in [APP/views/layouts/default.ctp, line 111]
2012-04-23 12:21:35 Notice: Notice (8): Undefined variable: shopSidebar in [APP/views/elements/front/sidebar.ctp, line 46]
2012-04-23 12:21:35 Notice: Notice (8): Undefined variable: shopSidebar in [APP/views/elements/front/sidebar.ctp, line 58]
2012-04-23 12:21:35 Notice: Notice (8): Undefined variable: shopSidebar in [APP/views/elements/front/sidebar.ctp, line 68]
2012-04-23 12:21:35 Notice: Notice (8): Undefined variable: shopSidebar in [APP/views/elements/front/sidebar.ctp, line 80]
2012-04-23 12:21:36 Notice: Notice (8): Undefined variable: shopSidebar in [APP/views/elements/front/sidebar.ctp, line 89]
2012-04-23 12:21:36 Notice: Notice (8): Undefined variable: shopSidebar in [APP/views/elements/front/sidebar.ctp, line 119]
2012-04-23 12:21:36 Notice: Notice (8): Undefined variable: shopSidebar in [APP/views/elements/front/sidebar.ctp, line 141]
2012-04-23 12:21:36 Notice: Notice (8): Undefined variable: shopSidebar in [APP/views/elements/front/sidebar.ctp, line 162]
2012-04-23 12:21:36 Notice: Notice (8): Undefined variable: shopSidebar in [APP/views/elements/front/sidebar.ctp, line 171]
2012-04-23 12:21:36 Notice: Notice (8): Undefined variable: shopSidebar in [APP/views/elements/front/sidebar.ctp, line 219]
2012-04-23 12:21:36 Notice: Notice (8): Undefined variable: shopSidebar in [APP/views/elements/front/sidebar.ctp, line 258]
2012-04-23 12:21:37 Notice: Notice (8): Undefined index: LoginSession in [APP/app_controller.php, line 62]
2012-04-23 12:21:39 Notice: Notice (8): Undefined index: LoginSession in [APP/app_controller.php, line 62]
2012-04-23 12:21:47 Notice: Notice (8): Undefined index: LoginSession in [APP/app_controller.php, line 62]
2012-04-23 12:21:55 Notice: Notice (8): Undefined index: LoginSession in [APP/app_controller.php, line 62]
2012-04-23 12:22:06 Notice: Notice (8): Undefined index: LoginSession in [APP/app_controller.php, line 62]
2012-04-23 12:22:07 Notice: Notice (8): Undefined index: LoginSession in [APP/app_controller.php, line 62]
2012-04-23 12:22:07 Notice: Notice (8): Undefined index: LoginSession in [APP/app_controller.php, line 62]
2012-04-23 12:22:07 Notice: Notice (8): Undefined index: LoginSession in [APP/app_controller.php, line 62]
2012-04-23 12:22:08 Notice: Notice (8): Undefined index: LoginSession in [APP/app_controller.php, line 62]
2012-04-23 12:22:10 Notice: Notice (8): Undefined index: LoginSession in [APP/app_controller.php, line 62]
2012-04-23 12:22:12 Notice: Notice (8): Undefined index: LoginSession in [APP/app_controller.php, line 62]
2012-04-23 12:22:12 Notice: Notice (8): Use of undefined constant php - assumed 'php' in [APP/views/pages/display.ctp, line 7]
2012-04-23 12:22:12 Notice: Notice (8): Undefined variable: landingItem in [APP/views/layouts/default.ctp, line 35]
2012-04-23 12:22:12 Notice: Notice (8): Undefined variable: class in [APP/views/layouts/default.ctp, line 77]
2012-04-23 12:22:12 Notice: Notice (8): Undefined variable: class in [APP/views/layouts/default.ctp, line 75]
2012-04-23 12:22:12 Notice: Notice (8): Undefined variable: class in [APP/views/layouts/default.ctp, line 86]
2012-04-23 12:22:12 Notice: Notice (8): Undefined variable: page in [APP/views/layouts/default.ctp, line 94]
2012-04-23 12:22:12 Notice: Notice (8): Undefined variable: noTitle in [APP/views/layouts/default.ctp, line 103]
2012-04-23 12:22:12 Notice: Notice (8): Undefined variable: page in [APP/views/layouts/default.ctp, line 103]
2012-04-23 12:22:12 Notice: Notice (8): Undefined variable: page in [APP/views/layouts/default.ctp, line 106]
2012-04-23 12:22:13 Notice: Notice (8): Undefined variable: page in [APP/views/layouts/default.ctp, line 110]
2012-04-23 12:22:13 Notice: Notice (8): Undefined variable: noTitle in [APP/views/layouts/default.ctp, line 110]
2012-04-23 12:22:13 Notice: Notice (8): Undefined variable: shopSidebar in [APP/views/elements/front/sidebar.ctp, line 46]
2012-04-23 12:22:13 Notice: Notice (8): Undefined variable: shopSidebar in [APP/views/elements/front/sidebar.ctp, line 58]
2012-04-23 12:22:13 Notice: Notice (8): Undefined variable: shopSidebar in [APP/views/elements/front/sidebar.ctp, line 68]
2012-04-23 12:22:13 Notice: Notice (8): Undefined variable: shopSidebar in [APP/views/elements/front/sidebar.ctp, line 80]
2012-04-23 12:22:13 Notice: Notice (8): Undefined variable: shopSidebar in [APP/views/elements/front/sidebar.ctp, line 89]
2012-04-23 12:22:13 Notice: Notice (8): Undefined variable: advantages in [APP/views/elements/front/sidebar.ctp, line 106]
2012-04-23 12:22:13 Notice: Notice (8): Undefined variable: shopSidebar in [APP/views/elements/front/sidebar.ctp, line 119]
2012-04-23 12:22:13 Notice: Notice (8): Undefined variable: shopSidebar in [APP/views/elements/front/sidebar.ctp, line 141]
2012-04-23 12:22:13 Notice: Notice (8): Undefined variable: shopSidebar in [APP/views/elements/front/sidebar.ctp, line 162]
2012-04-23 12:22:13 Notice: Notice (8): Undefined variable: shopSidebar in [APP/views/elements/front/sidebar.ctp, line 171]
2012-04-23 12:22:13 Notice: Notice (8): Undefined variable: shopSidebar in [APP/views/elements/front/sidebar.ctp, line 219]
2012-04-23 12:22:13 Notice: Notice (8): Undefined variable: shopSidebar in [APP/views/elements/front/sidebar.ctp, line 258]
2012-04-23 12:22:16 Notice: Notice (8): Undefined index: LoginSession in [APP/app_controller.php, line 62]
2012-04-23 12:22:20 Notice: Notice (8): Undefined index: LoginSession in [APP/app_controller.php, line 62]
2012-04-23 12:23:04 Notice: Notice (8): Undefined index: LoginSession in [APP/app_controller.php, line 62]
2012-04-23 12:23:04 Notice: Notice (8): Undefined variable: newsItem in [APP/controllers/order_controller.php, line 26]
2012-04-23 12:23:04 Notice: Notice (8): Undefined index: homepage_image1_title in [APP/views/order/home.ctp, line 6]
2012-04-23 12:23:04 Notice: Notice (8): Undefined index: homepage_image2_title in [APP/views/order/home.ctp, line 13]
2012-04-23 12:23:04 Notice: Notice (8): Undefined index: homepage_image3_title in [APP/views/order/home.ctp, line 19]
2012-04-23 12:23:04 Notice: Notice (8): Undefined index: homepage_image4_title in [APP/views/order/home.ctp, line 26]
2012-04-23 12:23:04 Notice: Notice (8): Undefined index: homepage_image5_title in [APP/views/order/home.ctp, line 31]
2012-04-23 12:23:04 Notice: Notice (8): Undefined variable: landingItem in [APP/views/layouts/default.ctp, line 35]
2012-04-23 12:23:04 Notice: Notice (8): Undefined variable: class in [APP/views/layouts/default.ctp, line 77]
2012-04-23 12:23:04 Notice: Notice (8): Undefined variable: class in [APP/views/layouts/default.ctp, line 75]
2012-04-23 12:23:04 Notice: Notice (8): Undefined variable: class in [APP/views/layouts/default.ctp, line 86]
2012-04-23 12:23:04 Notice: Notice (8): Use of undefined constant   - assumed ' ' in [APP/views/layouts/default.ctp, line 94]
2012-04-23 12:23:04 Notice: Notice (8): Undefined variable: noTitle in [APP/views/layouts/default.ctp, line 103]
2012-04-23 12:23:04 Notice: Notice (8): Use of undefined constant   - assumed ' ' in [APP/views/layouts/default.ctp, line 110]
2012-04-23 12:23:04 Notice: Notice (8): Undefined variable: noService in [APP/views/layouts/default.ctp, line 111]
2012-04-23 12:23:04 Notice: Notice (8): Undefined variable: shopSidebar in [APP/views/elements/front/sidebar.ctp, line 46]
2012-04-23 12:23:04 Notice: Notice (8): Undefined variable: shopSidebar in [APP/views/elements/front/sidebar.ctp, line 58]
2012-04-23 12:23:04 Notice: Notice (8): Undefined variable: shopSidebar in [APP/views/elements/front/sidebar.ctp, line 68]
2012-04-23 12:23:04 Notice: Notice (8): Undefined index: LoginSession in [APP/app_controller.php, line 62]
2012-04-23 12:23:04 Notice: Notice (8): Undefined variable: shopSidebar in [APP/views/elements/front/sidebar.ctp, line 80]
2012-04-23 12:23:04 Notice: Notice (8): Undefined variable: shopSidebar in [APP/views/elements/front/sidebar.ctp, line 89]
2012-04-23 12:23:04 Notice: Notice (8): Undefined variable: shopSidebar in [APP/views/elements/front/sidebar.ctp, line 119]
2012-04-23 12:23:04 Notice: Notice (8): Undefined variable: shopSidebar in [APP/views/elements/front/sidebar.ctp, line 141]
2012-04-23 12:23:04 Notice: Notice (8): Undefined variable: shopSidebar in [APP/views/elements/front/sidebar.ctp, line 162]
2012-04-23 12:23:04 Notice: Notice (8): Undefined variable: shopSidebar in [APP/views/elements/front/sidebar.ctp, line 171]
2012-04-23 12:23:04 Notice: Notice (8): Undefined variable: shopSidebar in [APP/views/elements/front/sidebar.ctp, line 219]
2012-04-23 12:23:04 Notice: Notice (8): Undefined variable: shopSidebar in [APP/views/elements/front/sidebar.ctp, line 258]
2012-04-23 12:23:07 Notice: Notice (8): Undefined index: LoginSession in [APP/app_controller.php, line 62]
2012-04-23 12:23:07 Notice: Notice (8): Undefined variable: landingItem in [APP/views/layouts/default.ctp, line 35]
2012-04-23 12:23:07 Notice: Notice (8): Undefined variable: class in [APP/views/layouts/default.ctp, line 77]
2012-04-23 12:23:07 Notice: Notice (8): Undefined variable: class in [APP/views/layouts/default.ctp, line 75]
2012-04-23 12:23:07 Notice: Notice (8): Undefined variable: class in [APP/views/layouts/default.ctp, line 86]
2012-04-23 12:23:07 Notice: Notice (8): Undefined variable: noTitle in [APP/views/layouts/default.ctp, line 103]
2012-04-23 12:23:07 Notice: Notice (8): Undefined variable: noTitle in [APP/views/layouts/default.ctp, line 110]
2012-04-23 12:23:07 Notice: Notice (8): Use of undefined constant   - assumed ' ' in [APP/views/layouts/default.ctp, line 110]
2012-04-23 12:23:07 Notice: Notice (8): Undefined variable: noService in [APP/views/layouts/default.ctp, line 111]
2012-04-23 12:23:07 Notice: Notice (8): Undefined variable: shopSidebar in [APP/views/elements/front/sidebar.ctp, line 46]
2012-04-23 12:23:07 Notice: Notice (8): Undefined variable: shopSidebar in [APP/views/elements/front/sidebar.ctp, line 58]
2012-04-23 12:23:07 Notice: Notice (8): Undefined variable: shopSidebar in [APP/views/elements/front/sidebar.ctp, line 68]
2012-04-23 12:23:07 Notice: Notice (8): Undefined variable: shopSidebar in [APP/views/elements/front/sidebar.ctp, line 80]
2012-04-23 12:23:07 Notice: Notice (8): Undefined variable: shopSidebar in [APP/views/elements/front/sidebar.ctp, line 89]
2012-04-23 12:23:07 Notice: Notice (8): Undefined variable: advantages in [APP/views/elements/front/sidebar.ctp, line 106]
2012-04-23 12:23:07 Notice: Notice (8): Undefined variable: shopSidebar in [APP/views/elements/front/sidebar.ctp, line 119]
2012-04-23 12:23:07 Notice: Notice (8): Undefined variable: shopSidebar in [APP/views/elements/front/sidebar.ctp, line 141]
2012-04-23 12:23:07 Notice: Notice (8): Undefined variable: shopSidebar in [APP/views/elements/front/sidebar.ctp, line 162]
2012-04-23 12:23:07 Notice: Notice (8): Undefined variable: shopSidebar in [APP/views/elements/front/sidebar.ctp, line 171]
2012-04-23 12:23:07 Notice: Notice (8): Undefined variable: shopSidebar in [APP/views/elements/front/sidebar.ctp, line 219]
2012-04-23 12:23:07 Notice: Notice (8): Undefined variable: shopSidebar in [APP/views/elements/front/sidebar.ctp, line 258]
2012-04-23 12:23:09 Notice: Notice (8): Undefined index: customerid in [APP/app_controller.php, line 65]
2012-04-23 12:23:10 Notice: Notice (8): Undefined index: customerid in [APP/app_controller.php, line 65]
2012-04-23 12:23:11 Notice: Notice (8): Undefined index: customerid in [APP/app_controller.php, line 65]
2012-04-23 12:23:11 Notice: Notice (8): Undefined index: customerid in [APP/app_controller.php, line 65]
2012-04-23 12:23:11 Notice: Notice (8): Undefined variable: landingItem in [APP/views/layouts/default.ctp, line 35]
2012-04-23 12:23:11 Notice: Notice (8): Undefined variable: class in [APP/views/layouts/default.ctp, line 77]
2012-04-23 12:23:11 Notice: Notice (8): Undefined variable: class in [APP/views/layouts/default.ctp, line 75]
2012-04-23 12:23:11 Notice: Notice (8): Undefined variable: class in [APP/views/layouts/default.ctp, line 86]
2012-04-23 12:23:11 Notice: Notice (8): Undefined variable: noTitle in [APP/views/layouts/default.ctp, line 103]
2012-04-23 12:23:11 Notice: Notice (8): Undefined variable: noTitle in [APP/views/layouts/default.ctp, line 110]
2012-04-23 12:23:11 Notice: Notice (8): Undefined variable: newsItem in [APP/controllers/order_controller.php, line 26]
2012-04-23 12:23:11 Notice: Notice (8): Use of undefined constant   - assumed ' ' in [APP/views/layouts/default.ctp, line 110]
2012-04-23 12:23:11 Notice: Notice (8): Undefined variable: noService in [APP/views/layouts/default.ctp, line 111]
2012-04-23 12:23:11 Notice: Notice (8): Undefined index: homepage_image1_title in [APP/views/order/home.ctp, line 6]
2012-04-23 12:23:11 Notice: Notice (8): Undefined variable: shopSidebar in [APP/views/elements/front/sidebar.ctp, line 46]
2012-04-23 12:23:11 Notice: Notice (8): Undefined index: homepage_image2_title in [APP/views/order/home.ctp, line 13]
2012-04-23 12:23:11 Notice: Notice (8): Undefined variable: shopSidebar in [APP/views/elements/front/sidebar.ctp, line 58]
2012-04-23 12:23:11 Notice: Notice (8): Undefined index: homepage_image3_title in [APP/views/order/home.ctp, line 19]
2012-04-23 12:23:11 Notice: Notice (8): Undefined variable: shopSidebar in [APP/views/elements/front/sidebar.ctp, line 68]
2012-04-23 12:23:11 Notice: Notice (8): Undefined index: homepage_image4_title in [APP/views/order/home.ctp, line 26]
2012-04-23 12:23:11 Notice: Notice (8): Undefined variable: shopSidebar in [APP/views/elements/front/sidebar.ctp, line 80]
2012-04-23 12:23:11 Notice: Notice (8): Undefined index: homepage_image5_title in [APP/views/order/home.ctp, line 31]
2012-04-23 12:23:11 Notice: Notice (8): Undefined variable: shopSidebar in [APP/views/elements/front/sidebar.ctp, line 89]
2012-04-23 12:23:11 Notice: Notice (8): Undefined variable: advantages in [APP/views/elements/front/sidebar.ctp, line 106]
2012-04-23 12:23:11 Notice: Notice (8): Undefined variable: landingItem in [APP/views/layouts/default.ctp, line 35]
2012-04-23 12:23:11 Notice: Notice (8): Undefined variable: shopSidebar in [APP/views/elements/front/sidebar.ctp, line 119]
2012-04-23 12:23:11 Notice: Notice (8): Undefined variable: shopSidebar in [APP/views/elements/front/sidebar.ctp, line 141]
2012-04-23 12:23:11 Notice: Notice (8): Undefined variable: class in [APP/views/layouts/default.ctp, line 77]
2012-04-23 12:23:11 Notice: Notice (8): Undefined variable: shopSidebar in [APP/views/elements/front/sidebar.ctp, line 162]
2012-04-23 12:23:11 Notice: Notice (8): Undefined variable: shopSidebar in [APP/views/elements/front/sidebar.ctp, line 171]
2012-04-23 12:23:11 Notice: Notice (8): Undefined variable: class in [APP/views/layouts/default.ctp, line 75]
2012-04-23 12:23:11 Notice: Notice (8): Undefined variable: shopSidebar in [APP/views/elements/front/sidebar.ctp, line 219]
2012-04-23 12:23:11 Notice: Notice (8): Undefined variable: class in [APP/views/layouts/default.ctp, line 86]
2012-04-23 12:23:11 Notice: Notice (8): Undefined variable: shopSidebar in [APP/views/elements/front/sidebar.ctp, line 258]
2012-04-23 12:23:11 Notice: Notice (8): Use of undefined constant   - assumed ' ' in [APP/views/layouts/default.ctp, line 94]
2012-04-23 12:23:11 Notice: Notice (8): Undefined variable: noTitle in [APP/views/layouts/default.ctp, line 103]
2012-04-23 12:23:11 Notice: Notice (8): Use of undefined constant   - assumed ' ' in [APP/views/layouts/default.ctp, line 110]
2012-04-23 12:23:12 Notice: Notice (8): Undefined variable: noService in [APP/views/layouts/default.ctp, line 111]
2012-04-23 12:23:12 Notice: Notice (8): Undefined variable: shopSidebar in [APP/views/elements/front/sidebar.ctp, line 46]
2012-04-23 12:23:12 Notice: Notice (8): Undefined variable: shopSidebar in [APP/views/elements/front/sidebar.ctp, line 58]
2012-04-23 12:23:12 Notice: Notice (8): Undefined variable: shopSidebar in [APP/views/elements/front/sidebar.ctp, line 68]
2012-04-23 12:23:12 Notice: Notice (8): Undefined variable: shopSidebar in [APP/views/elements/front/sidebar.ctp, line 80]
2012-04-23 12:23:12 Notice: Notice (8): Undefined variable: shopSidebar in [APP/views/elements/front/sidebar.ctp, line 89]
2012-04-23 12:23:12 Notice: Notice (8): Undefined variable: shopSidebar in [APP/views/elements/front/sidebar.ctp, line 119]
2012-04-23 12:23:12 Notice: Notice (8): Undefined variable: shopSidebar in [APP/views/elements/front/sidebar.ctp, line 141]
2012-04-23 12:23:12 Notice: Notice (8): Undefined variable: shopSidebar in [APP/views/elements/front/sidebar.ctp, line 162]
2012-04-23 12:23:12 Notice: Notice (8): Undefined variable: shopSidebar in [APP/views/elements/front/sidebar.ctp, line 171]
2012-04-23 12:23:12 Notice: Notice (8): Undefined variable: shopSidebar in [APP/views/elements/front/sidebar.ctp, line 219]
2012-04-23 12:23:12 Notice: Notice (8): Undefined variable: shopSidebar in [APP/views/elements/front/sidebar.ctp, line 258]
2012-04-23 12:23:13 Notice: Notice (8): Undefined index: customerid in [APP/app_controller.php, line 65]
2012-04-23 12:23:14 Notice: Notice (8): Undefined index: customerid in [APP/app_controller.php, line 65]
2012-04-23 12:23:22 Notice: Notice (8): Undefined index: customerid in [APP/app_controller.php, line 65]
2012-04-23 12:23:27 Notice: Notice (8): Undefined index: LoginSession in [APP/app_controller.php, line 65]
2012-04-23 12:23:27 Notice: Notice (8): Undefined index: LoginSession in [APP/app_controller.php, line 65]
2012-04-23 12:23:28 Notice: Notice (8): Undefined index: LoginSession in [APP/app_controller.php, line 65]
2012-04-23 12:23:28 Notice: Notice (8): Undefined index: LoginSession in [APP/app_controller.php, line 65]
2012-04-23 12:23:28 Notice: Notice (8): Undefined index: LoginSession in [APP/app_controller.php, line 65]
2012-04-23 12:23:29 Notice: Notice (8): Undefined index: LoginSession in [APP/app_controller.php, line 65]
2012-04-23 12:23:40 Notice: Notice (8): Undefined variable: landingItem in [APP/views/layouts/default.ctp, line 35]
2012-04-23 12:23:40 Notice: Notice (8): Use of undefined constant   - assumed ' ' in [APP/views/layouts/default.ctp, line 86]
2012-04-23 12:23:40 Notice: Notice (8): Use of undefined constant   - assumed ' ' in [APP/views/layouts/default.ctp, line 110]
2012-04-23 12:23:40 Notice: Notice (8): Undefined variable: advantages in [APP/views/elements/front/sidebar.ctp, line 106]
2012-04-23 12:23:41 Notice: Notice (8): Undefined variable: landingItem in [APP/views/layouts/default.ctp, line 35]
2012-04-23 12:23:41 Notice: Notice (8): Use of undefined constant   - assumed ' ' in [APP/views/layouts/default.ctp, line 86]
2012-04-23 12:23:41 Notice: Notice (8): Use of undefined constant   - assumed ' ' in [APP/views/layouts/default.ctp, line 110]
2012-04-23 12:23:41 Notice: Notice (8): Undefined variable: advantages in [APP/views/elements/front/sidebar.ctp, line 106]
